<?xml version="1.0" encoding="UTF-8"?>
<!-- Generated by org.testng.reporters.JUnitXMLReporter -->
<testsuite ignored="0" hostname="DESKTOP-REKBUQJ" failures="0" tests="1" name="Test" time="16.824" errors="0" timestamp="2023-02-15T13:21:16 IST">
  <testcase classname="TestNG.TestNG_OpenBrowser" name="@BeforeTest launchBrowser" time="16.547">
    <failure type="org.openqa.selenium.SessionNotCreatedException" message="session not created: This version of ChromeDriver only supports Chrome version 108
Current browser version is 110.0.5481.100 with binary path C:\Program Files (x86)\Google\Chrome\Application\chrome.exe
Build info: version: &amp;apos;3.141.59&amp;apos;, revision: &amp;apos;e82be7d358&amp;apos;, time: &amp;apos;2018-11-14T08:17:03&amp;apos;
System info: host: &amp;apos;DESKTOP-REKBUQJ&amp;apos;, ip: &amp;apos;192.168.1.100&amp;apos;, os.name: &amp;apos;Windows 10&amp;apos;, os.arch: &amp;apos;amd64&amp;apos;, os.version: &amp;apos;10.0&amp;apos;, java.version: &amp;apos;18.0.2.1&amp;apos;
Driver info: driver.version: ChromeDriver
remote stacktrace: Backtrace:
	(No symbol) [0x0056F243]
	(No symbol) [0x004F7FD1]
	(No symbol) [0x003ED04D]
	(No symbol) [0x0040F6B4]
	(No symbol) [0x0040A97C]
	(No symbol) [0x004082E9]
	(No symbol) [0x0043F056]
	(No symbol) [0x0043EB2A]
	(No symbol) [0x00438386]
	(No symbol) [0x0041163C]
	(No symbol) [0x0041269D]
	GetHandleVerifier [0x00809A22+2655074]
	GetHandleVerifier [0x007FCA24+2601828]
	GetHandleVerifier [0x00618C0A+619850]
	GetHandleVerifier [0x00617830+614768]
	(No symbol) [0x005005FC]
	(No symbol) [0x00505968]
	(No symbol) [0x00505A55]
	(No symbol) [0x0051051B]
	BaseThreadInitThunk [0x761500F9+25]
	RtlGetAppContainerNamedObjectPath [0x77917BBE+286]
	RtlGetAppContainerNamedObjectPath [0x77917B8E+238]
">
      <![CDATA[org.openqa.selenium.SessionNotCreatedException: session not created: This version of ChromeDriver only supports Chrome version 108
Current browser version is 110.0.5481.100 with binary path C:\Program Files (x86)\Google\Chrome\Application\chrome.exe
Build info: version: '3.141.59', revision: 'e82be7d358', time: '2018-11-14T08:17:03'
System info: host: 'DESKTOP-REKBUQJ', ip: '192.168.1.100', os.name: 'Windows 10', os.arch: 'amd64', os.version: '10.0', java.version: '18.0.2.1'
Driver info: driver.version: ChromeDriver
remote stacktrace: Backtrace:
(No symbol) [0x0056F243]
(No symbol) [0x004F7FD1]
(No symbol) [0x003ED04D]
(No symbol) [0x0040F6B4]
(No symbol) [0x0040A97C]
(No symbol) [0x004082E9]
(No symbol) [0x0043F056]
(No symbol) [0x0043EB2A]
(No symbol) [0x00438386]
(No symbol) [0x0041163C]
(No symbol) [0x0041269D]
GetHandleVerifier [0x00809A22+2655074]
GetHandleVerifier [0x007FCA24+2601828]
GetHandleVerifier [0x00618C0A+619850]
GetHandleVerifier [0x00617830+614768]
(No symbol) [0x005005FC]
(No symbol) [0x00505968]
(No symbol) [0x00505A55]
(No symbol) [0x0051051B]
BaseThreadInitThunk [0x761500F9+25]
RtlGetAppContainerNamedObjectPath [0x77917BBE+286]
RtlGetAppContainerNamedObjectPath [0x77917B8E+238]

at org.openqa.selenium.remote.W3CHandshakeResponse.lambda$errorHandler$0(W3CHandshakeResponse.java:62)
at org.openqa.selenium.remote.HandshakeResponse.lambda$getResponseFunction$0(HandshakeResponse.java:30)
at org.openqa.selenium.remote.ProtocolHandshake.lambda$createSession$0(ProtocolHandshake.java:126)
at java.base/java.util.stream.ReferencePipeline$3$1.accept(ReferencePipeline.java:197)
at java.base/java.util.Spliterators$ArraySpliterator.tryAdvance(Spliterators.java:1002)
at java.base/java.util.stream.ReferencePipeline.forEachWithCancel(ReferencePipeline.java:129)
at java.base/java.util.stream.AbstractPipeline.copyIntoWithCancel(AbstractPipeline.java:527)
at java.base/java.util.stream.AbstractPipeline.copyInto(AbstractPipeline.java:513)
at java.base/java.util.stream.AbstractPipeline.wrapAndCopyInto(AbstractPipeline.java:499)
at java.base/java.util.stream.FindOps$FindOp.evaluateSequential(FindOps.java:150)
at java.base/java.util.stream.AbstractPipeline.evaluate(AbstractPipeline.java:234)
at java.base/java.util.stream.ReferencePipeline.findFirst(ReferencePipeline.java:647)
at org.openqa.selenium.remote.ProtocolHandshake.createSession(ProtocolHandshake.java:128)
at org.openqa.selenium.remote.ProtocolHandshake.createSession(ProtocolHandshake.java:74)
at org.openqa.selenium.remote.HttpCommandExecutor.execute(HttpCommandExecutor.java:136)
at org.openqa.selenium.remote.service.DriverCommandExecutor.execute(DriverCommandExecutor.java:83)
at org.openqa.selenium.remote.RemoteWebDriver.execute(RemoteWebDriver.java:552)
at org.openqa.selenium.remote.RemoteWebDriver.startSession(RemoteWebDriver.java:213)
at org.openqa.selenium.remote.RemoteWebDriver.<init>(RemoteWebDriver.java:131)
at org.openqa.selenium.chrome.ChromeDriver.<init>(ChromeDriver.java:181)
at org.openqa.selenium.chrome.ChromeDriver.<init>(ChromeDriver.java:168)
at org.openqa.selenium.chrome.ChromeDriver.<init>(ChromeDriver.java:123)
at Browser.BrowserSetup.openChromeBrowser(BrowserSetup.java:13)
at TestNG.TestNG_OpenBrowser.launchBrowser(TestNG_OpenBrowser.java:26)
... Removed 25 stack frames]]>
    </failure>
  </testcase> <!-- @BeforeTest launchBrowser -->
  <testcase classname="TestNG.TestNG_OpenBrowser" name="@AfterTest closeBrowser" time="0.0">
    <skipped/>
  </testcase> <!-- @AfterTest closeBrowser -->
  <testcase classname="TestNG.TestNG_OpenBrowser" name="testA" time="0.0">
    <skipped/>
  </testcase> <!-- testA -->
</testsuite> <!-- Test -->
