<?xml version="1.0" encoding="UTF-8"?>
<!-- Generated by org.testng.reporters.JUnitXMLReporter -->
<testsuite ignored="0" hostname="DESKTOP-REKBUQJ" failures="0" tests="8" name="EdgeTest" time="71.97" errors="0" timestamp="2023-02-14T13:02:42 IST">
  <testcase classname="TestNG_Package.TestNG_SignUpPage" name="@BeforeTest launchBrowser" time="71.221">
    <failure type="org.openqa.selenium.WebDriverException" message="unknown error: DevToolsActivePort file doesn&amp;apos;t exist
Build info: version: &amp;apos;3.141.59&amp;apos;, revision: &amp;apos;e82be7d358&amp;apos;, time: &amp;apos;2018-11-14T08:17:03&amp;apos;
System info: host: &amp;apos;DESKTOP-REKBUQJ&amp;apos;, ip: &amp;apos;192.168.1.100&amp;apos;, os.name: &amp;apos;Windows 10&amp;apos;, os.arch: &amp;apos;amd64&amp;apos;, os.version: &amp;apos;10.0&amp;apos;, java.version: &amp;apos;18.0.2.1&amp;apos;
Driver info: driver.version: EdgeDriver
remote stacktrace: Backtrace:
	Microsoft::Applications::Events::EventProperties::SetProperty [0x00007FF6593F1672+15186]
	Microsoft::Applications::Events::EventProperty::EventProperty [0x00007FF65938A1C2+827458]
	(No symbol) [0x00007FF65904ED90]
	(No symbol) [0x00007FF65907F7AA]
	(No symbol) [0x00007FF65907AD50]
	(No symbol) [0x00007FF6590760FC]
	(No symbol) [0x00007FF6590B9C56]
	(No symbol) [0x00007FF6590B1D23]
	(No symbol) [0x00007FF659083B80]
	(No symbol) [0x00007FF659082B0E]
	(No symbol) [0x00007FF659084344]
	Microsoft::Applications::Events::EventProperties::SetProperty [0x00007FF65926C3C0+182768]
	(No symbol) [0x00007FF659140095]
	Microsoft::Applications::Events::EventProperty::EventProperty [0x00007FF6592CA6FA+42362]
	Microsoft::Applications::Events::EventProperty::EventProperty [0x00007FF6592CD435+53941]
	Microsoft::Applications::Events::ILogManager::DispatchEventBroadcast [0x00007FF6595E8A63+1456595]
	Microsoft::Applications::Events::EventProperty::EventProperty [0x00007FF65939271A+861594]
	Microsoft::Applications::Events::EventProperty::EventProperty [0x00007FF659397804+882308]
	Microsoft::Applications::Events::EventProperty::EventProperty [0x00007FF65939795C+882652]
	Microsoft::Applications::Events::EventProperty::EventProperty [0x00007FF6593A092E+919470]
	BaseThreadInitThunk [0x00007FFC86337614+20]
	RtlUserThreadStart [0x00007FFC865A26A1+33]
">
      <![CDATA[org.openqa.selenium.WebDriverException: unknown error: DevToolsActivePort file doesn't exist
Build info: version: '3.141.59', revision: 'e82be7d358', time: '2018-11-14T08:17:03'
System info: host: 'DESKTOP-REKBUQJ', ip: '192.168.1.100', os.name: 'Windows 10', os.arch: 'amd64', os.version: '10.0', java.version: '18.0.2.1'
Driver info: driver.version: EdgeDriver
remote stacktrace: Backtrace:
Microsoft::Applications::Events::EventProperties::SetProperty [0x00007FF6593F1672+15186]
Microsoft::Applications::Events::EventProperty::EventProperty [0x00007FF65938A1C2+827458]
(No symbol) [0x00007FF65904ED90]
(No symbol) [0x00007FF65907F7AA]
(No symbol) [0x00007FF65907AD50]
(No symbol) [0x00007FF6590760FC]
(No symbol) [0x00007FF6590B9C56]
(No symbol) [0x00007FF6590B1D23]
(No symbol) [0x00007FF659083B80]
(No symbol) [0x00007FF659082B0E]
(No symbol) [0x00007FF659084344]
Microsoft::Applications::Events::EventProperties::SetProperty [0x00007FF65926C3C0+182768]
(No symbol) [0x00007FF659140095]
Microsoft::Applications::Events::EventProperty::EventProperty [0x00007FF6592CA6FA+42362]
Microsoft::Applications::Events::EventProperty::EventProperty [0x00007FF6592CD435+53941]
Microsoft::Applications::Events::ILogManager::DispatchEventBroadcast [0x00007FF6595E8A63+1456595]
Microsoft::Applications::Events::EventProperty::EventProperty [0x00007FF65939271A+861594]
Microsoft::Applications::Events::EventProperty::EventProperty [0x00007FF659397804+882308]
Microsoft::Applications::Events::EventProperty::EventProperty [0x00007FF65939795C+882652]
Microsoft::Applications::Events::EventProperty::EventProperty [0x00007FF6593A092E+919470]
BaseThreadInitThunk [0x00007FFC86337614+20]
RtlUserThreadStart [0x00007FFC865A26A1+33]

at org.openqa.selenium.remote.W3CHandshakeResponse.lambda$errorHandler$0(W3CHandshakeResponse.java:62)
at org.openqa.selenium.remote.HandshakeResponse.lambda$getResponseFunction$0(HandshakeResponse.java:30)
at org.openqa.selenium.remote.ProtocolHandshake.lambda$createSession$0(ProtocolHandshake.java:126)
at java.base/java.util.stream.ReferencePipeline$3$1.accept(ReferencePipeline.java:197)
at java.base/java.util.Spliterators$ArraySpliterator.tryAdvance(Spliterators.java:1002)
at java.base/java.util.stream.ReferencePipeline.forEachWithCancel(ReferencePipeline.java:129)
at java.base/java.util.stream.AbstractPipeline.copyIntoWithCancel(AbstractPipeline.java:527)
at java.base/java.util.stream.AbstractPipeline.copyInto(AbstractPipeline.java:513)
at java.base/java.util.stream.AbstractPipeline.wrapAndCopyInto(AbstractPipeline.java:499)
at java.base/java.util.stream.FindOps$FindOp.evaluateSequential(FindOps.java:150)
at java.base/java.util.stream.AbstractPipeline.evaluate(AbstractPipeline.java:234)
at java.base/java.util.stream.ReferencePipeline.findFirst(ReferencePipeline.java:647)
at org.openqa.selenium.remote.ProtocolHandshake.createSession(ProtocolHandshake.java:128)
at org.openqa.selenium.remote.ProtocolHandshake.createSession(ProtocolHandshake.java:74)
at org.openqa.selenium.remote.HttpCommandExecutor.execute(HttpCommandExecutor.java:136)
at org.openqa.selenium.remote.service.DriverCommandExecutor.execute(DriverCommandExecutor.java:83)
at org.openqa.selenium.remote.RemoteWebDriver.execute(RemoteWebDriver.java:552)
at org.openqa.selenium.remote.RemoteWebDriver.startSession(RemoteWebDriver.java:213)
at org.openqa.selenium.remote.RemoteWebDriver.<init>(RemoteWebDriver.java:131)
at org.openqa.selenium.edge.EdgeDriver.<init>(EdgeDriver.java:141)
at org.openqa.selenium.edge.EdgeDriver.<init>(EdgeDriver.java:96)
at TestNG_Package.TestNG_SignUpPage.launchBrowser(TestNG_SignUpPage.java:50)
at java.base/java.util.concurrent.FutureTask.run(FutureTask.java:264)
at java.base/java.util.concurrent.ThreadPoolExecutor.runWorker(ThreadPoolExecutor.java:1136)
at java.base/java.util.concurrent.ThreadPoolExecutor$Worker.run(ThreadPoolExecutor.java:635)
at java.base/java.lang.Thread.run(Thread.java:833)
... Removed 16 stack frames]]>
    </failure>
  </testcase> <!-- @BeforeTest launchBrowser -->
  <testcase classname="TestNG_Package.TestNG_SignUpPage2" name="@BeforeTest launchBrowser" time="-1.676359961124E9">
    <skipped/>
  </testcase> <!-- @BeforeTest launchBrowser -->
  <testcase classname="TestNG_Package.TestNG_SignUpPage2" name="@BeforeClass cretePOMObjects" time="-1.676359961286E9">
    <skipped/>
  </testcase> <!-- @BeforeClass cretePOMObjects -->
  <testcase classname="TestNG_Package.TestNG_SignUpPage2" name="@BeforeMethod gotoSignUpPage" time="-1.676359961299E9">
    <skipped/>
  </testcase> <!-- @BeforeMethod gotoSignUpPage -->
  <testcase classname="TestNG_Package.TestNG_SignUpPage" name="@BeforeClass cretePOMObjects" time="-1.676359961285E9">
    <skipped/>
  </testcase> <!-- @BeforeClass cretePOMObjects -->
  <testcase classname="TestNG_Package.TestNG_SignUpPage" name="@BeforeMethod gotoSignUpPage" time="-1.676359961322E9">
    <skipped/>
  </testcase> <!-- @BeforeMethod gotoSignUpPage -->
  <testcase classname="TestNG_Package.TestNGClass" name="@BeforeClass beforeClass" time="-1.676359961285E9">
    <skipped/>
  </testcase> <!-- @BeforeClass beforeClass -->
  <testcase classname="TestNG_Package.TestNG_SignUpPage2" name="@AfterMethod afterMethod" time="-1.676359961346E9">
    <skipped/>
  </testcase> <!-- @AfterMethod afterMethod -->
  <testcase classname="TestNG_Package.TestNG_SignUpPage2" name="@BeforeMethod gotoSignUpPage" time="-1.676359961362E9">
    <skipped/>
  </testcase> <!-- @BeforeMethod gotoSignUpPage -->
  <testcase classname="TestNG_Package.TestNG_SignUpPage" name="@AfterMethod afterMethod" time="-1.676359961353E9">
    <skipped/>
  </testcase> <!-- @AfterMethod afterMethod -->
  <testcase classname="TestNG_Package.TestNGClass" name="@BeforeMethod beforeMethod" time="-1.676359961345E9">
    <skipped/>
  </testcase> <!-- @BeforeMethod beforeMethod -->
  <testcase classname="TestNG_Package.TestNG_SignUpPage" name="@AfterClass clearPOMObjects" time="-1.676359961373E9">
    <skipped/>
  </testcase> <!-- @AfterClass clearPOMObjects -->
  <testcase classname="TestNG_Package.TestNGClass" name="@AfterMethod afterMethod" time="-1.676359961381E9">
    <skipped/>
  </testcase> <!-- @AfterMethod afterMethod -->
  <testcase classname="TestNG_Package.TestNGClass" name="@BeforeMethod beforeMethod" time="-1.676359961389E9">
    <skipped/>
  </testcase> <!-- @BeforeMethod beforeMethod -->
  <testcase classname="TestNG_Package.TestNGClass" name="@AfterMethod afterMethod" time="-1.676359961404E9">
    <skipped/>
  </testcase> <!-- @AfterMethod afterMethod -->
  <testcase classname="TestNG_Package.TestNG_SignUpPage2" name="@AfterMethod afterMethod" time="-1.676359961419E9">
    <skipped/>
  </testcase> <!-- @AfterMethod afterMethod -->
  <testcase classname="TestNG_Package.TestNG_SignUpPage2" name="@AfterClass clearPOMObjects" time="-1.676359961428E9">
    <skipped/>
  </testcase> <!-- @AfterClass clearPOMObjects -->
  <testcase classname="TestNG_Package.TestNGClass" name="@BeforeMethod beforeMethod" time="-1.67635996143E9">
    <skipped/>
  </testcase> <!-- @BeforeMethod beforeMethod -->
  <testcase classname="TestNG_Package.TestNGClass" name="@AfterMethod afterMethod" time="-1.676359961478E9">
    <skipped/>
  </testcase> <!-- @AfterMethod afterMethod -->
  <testcase classname="TestNG_Package.TestNGClass" name="@BeforeMethod beforeMethod" time="-1.676359961483E9">
    <skipped/>
  </testcase> <!-- @BeforeMethod beforeMethod -->
  <testcase classname="TestNG_Package.TestNGClass" name="@AfterMethod afterMethod" time="-1.676359961515E9">
    <skipped/>
  </testcase> <!-- @AfterMethod afterMethod -->
  <testcase classname="TestNG_Package.TestNGClass" name="@BeforeMethod beforeMethod" time="-1.676359961582E9">
    <skipped/>
  </testcase> <!-- @BeforeMethod beforeMethod -->
  <testcase classname="TestNG_Package.TestNGClass" name="@AfterMethod afterMethod" time="-1.676359961621E9">
    <skipped/>
  </testcase> <!-- @AfterMethod afterMethod -->
  <testcase classname="TestNG_Package.TestNGClass" name="@AfterClass afterClass" time="-1.676359961711E9">
    <skipped/>
  </testcase> <!-- @AfterClass afterClass -->
  <testcase classname="TestNG_Package.TestNG_SignUpPage" name="@AfterTest closeBrowser" time="-1.676359961736E9">
    <skipped/>
  </testcase> <!-- @AfterTest closeBrowser -->
  <testcase classname="TestNG_Package.TestNG_SignUpPage2" name="@AfterTest closeBrowser" time="-1.676359961744E9">
    <skipped/>
  </testcase> <!-- @AfterTest closeBrowser -->
  <testcase classname="TestNG_Package.TestNG_SignUpPage" name="createnewaccount" time="0.0">
    <skipped/>
  </testcase> <!-- createnewaccount -->
  <testcase classname="TestNG_Package.TestNG_SignUpPage2" name="verifyCookiesPolicyLink" time="0.0">
    <skipped/>
  </testcase> <!-- verifyCookiesPolicyLink -->
  <testcase classname="TestNG_Package.TestNGClass" name="testC" time="0.0">
    <skipped/>
  </testcase> <!-- testC -->
  <testcase classname="TestNG_Package.TestNG_SignUpPage2" name="verifyTermsLink" time="0.0">
    <skipped/>
  </testcase> <!-- verifyTermsLink -->
  <testcase classname="TestNG_Package.TestNGClass" name="testA" time="0.0">
    <skipped/>
  </testcase> <!-- testA -->
  <testcase classname="TestNG_Package.TestNGClass" name="testA" time="0.0">
    <skipped/>
  </testcase> <!-- testA -->
  <testcase classname="TestNG_Package.TestNGClass" name="testD" time="0.0">
    <skipped/>
  </testcase> <!-- testD -->
  <testcase classname="TestNG_Package.TestNGClass" name="testB" time="0.0">
    <skipped/>
  </testcase> <!-- testB -->
</testsuite> <!-- EdgeTest -->
