<html>
<head>
<title>TestNG:  EdgeTest</title>
<link href="../testng.css" rel="stylesheet" type="text/css" />
<link href="../my-testng.css" rel="stylesheet" type="text/css" />

<style type="text/css">
.log { display: none;} 
.stack-trace { display: none;} 
</style>
<script type="text/javascript">
<!--
function flip(e) {
  current = e.style.display;
  if (current == 'block') {
    e.style.display = 'none';
    return 0;
  }
  else {
    e.style.display = 'block';
    return 1;
  }
}

function toggleBox(szDivId, elem, msg1, msg2)
{
  var res = -1;  if (document.getElementById) {
    res = flip(document.getElementById(szDivId));
  }
  else if (document.all) {
    // this is the way old msie versions work
    res = flip(document.all[szDivId]);
  }
  if(elem) {
    if(res == 0) elem.innerHTML = msg1; else elem.innerHTML = msg2;
  }

}

function toggleAllBoxes() {
  if (document.getElementsByTagName) {
    d = document.getElementsByTagName('div');
    for (i = 0; i < d.length; i++) {
      if (d[i].className == 'log') {
        flip(d[i]);
      }
    }
  }
}

// -->
</script>

</head>
<body>
<h2 align='center'>EdgeTest</h2><table border='1' align="center">
<tr>
<td>Tests passed/Failed/Skipped:</td><td>0/0/8</td>
</tr><tr>
<td>Started on:</td><td>Tue Feb 14 13:01:29 IST 2023</td>
</tr>
<tr><td>Total time:</td><td>71 seconds (71970 ms)</td>
</tr><tr>
<td>Included groups:</td><td></td>
</tr><tr>
<td>Excluded groups:</td><td></td>
</tr>
</table><p/>
<small><i>(Hover the method name to see the test class name)</i></small><p/>
<table width='100%' border='1' class='invocation-failed'>
<tr><td colspan='4' align='center'><b>FAILED CONFIGURATIONS</b></td></tr>
<tr><td><b>Test method</b></td>
<td width="30%"><b>Exception</b></td>
<td width="10%"><b>Time (seconds)</b></td>
<td><b>Instance</b></td>
</tr>
<tr>
<td title='TestNG_Package.TestNG_SignUpPage.launchBrowser()'><b>launchBrowser</b><br>Test class: TestNG_Package.TestNG_SignUpPage<br>Parameters: Edge</td>
<td><div><pre>org.openqa.selenium.WebDriverException: unknown error: DevToolsActivePort file doesn&apos;t exist
Build info: version: &apos;3.141.59&apos;, revision: &apos;e82be7d358&apos;, time: &apos;2018-11-14T08:17:03&apos;
System info: host: &apos;DESKTOP-REKBUQJ&apos;, ip: &apos;192.168.1.100&apos;, os.name: &apos;Windows 10&apos;, os.arch: &apos;amd64&apos;, os.version: &apos;10.0&apos;, java.version: &apos;18.0.2.1&apos;
Driver info: driver.version: EdgeDriver
remote stacktrace: Backtrace:
	Microsoft::Applications::Events::EventProperties::SetProperty [0x00007FF6593F1672+15186]
	Microsoft::Applications::Events::EventProperty::EventProperty [0x00007FF65938A1C2+827458]
	(No symbol) [0x00007FF65904ED90]
	(No symbol) [0x00007FF65907F7AA]
	(No symbol) [0x00007FF65907AD50]
	(No symbol) [0x00007FF6590760FC]
	(No symbol) [0x00007FF6590B9C56]
	(No symbol) [0x00007FF6590B1D23]
	(No symbol) [0x00007FF659083B80]
	(No symbol) [0x00007FF659082B0E]
	(No symbol) [0x00007FF659084344]
	Microsoft::Applications::Events::EventProperties::SetProperty [0x00007FF65926C3C0+182768]
	(No symbol) [0x00007FF659140095]
	Microsoft::Applications::Events::EventProperty::EventProperty [0x00007FF6592CA6FA+42362]
	Microsoft::Applications::Events::EventProperty::EventProperty [0x00007FF6592CD435+53941]
	Microsoft::Applications::Events::ILogManager::DispatchEventBroadcast [0x00007FF6595E8A63+1456595]
	Microsoft::Applications::Events::EventProperty::EventProperty [0x00007FF65939271A+861594]
	Microsoft::Applications::Events::EventProperty::EventProperty [0x00007FF659397804+882308]
	Microsoft::Applications::Events::EventProperty::EventProperty [0x00007FF65939795C+882652]
	Microsoft::Applications::Events::EventProperty::EventProperty [0x00007FF6593A092E+919470]
	BaseThreadInitThunk [0x00007FFC86337614+20]
	RtlUserThreadStart [0x00007FFC865A26A1+33]

	at org.openqa.selenium.remote.W3CHandshakeResponse.lambda$errorHandler$0(W3CHandshakeResponse.java:62)
	at org.openqa.selenium.remote.HandshakeResponse.lambda$getResponseFunction$0(HandshakeResponse.java:30)
	at org.openqa.selenium.remote.ProtocolHandshake.lambda$createSession$0(ProtocolHandshake.java:126)
	at java.base/java.util.stream.ReferencePipeline$3$1.accept(ReferencePipeline.java:197)
	at java.base/java.util.Spliterators$ArraySpliterator.tryAdvance(Spliterators.java:1002)
	at java.base/java.util.stream.ReferencePipeline.forEachWithCancel(ReferencePipeline.java:129)
	at java.base/java.util.stream.AbstractPipeline.copyIntoWithCancel(AbstractPipeline.java:527)
	at java.base/java.util.stream.AbstractPipeline.copyInto(AbstractPipeline.java:513)
	at java.base/java.util.stream.AbstractPipeline.wrapAndCopyInto(AbstractPipeline.java:499)
	at java.base/java.util.stream.FindOps$FindOp.evaluateSequential(FindOps.java:150)
	at java.base/java.util.stream.AbstractPipeline.evaluate(AbstractPipeline.java:234)
	at java.base/java.util.stream.ReferencePipeline.findFirst(ReferencePipeline.java:647)
	at org.openqa.selenium.remote.ProtocolHandshake.createSession(ProtocolHandshake.java:128)
	at org.openqa.selenium.remote.ProtocolHandshake.createSession(ProtocolHandshake.java:74)
	at org.openqa.selenium.remote.HttpCommandExecutor.execute(HttpCommandExecutor.java:136)
	at org.openqa.selenium.remote.service.DriverCommandExecutor.execute(DriverCommandExecutor.java:83)
	at org.openqa.selenium.remote.RemoteWebDriver.execute(RemoteWebDriver.java:552)
	at org.openqa.selenium.remote.RemoteWebDriver.startSession(RemoteWebDriver.java:213)
	at org.openqa.selenium.remote.RemoteWebDriver.&lt;init&gt;(RemoteWebDriver.java:131)
	at org.openqa.selenium.edge.EdgeDriver.&lt;init&gt;(EdgeDriver.java:141)
	at org.openqa.selenium.edge.EdgeDriver.&lt;init&gt;(EdgeDriver.java:96)
	at TestNG_Package.TestNG_SignUpPage.launchBrowser(TestNG_SignUpPage.java:50)
	at java.base/java.util.concurrent.FutureTask.run(FutureTask.java:264)
	at java.base/java.util.concurrent.ThreadPoolExecutor.runWorker(ThreadPoolExecutor.java:1136)
	at java.base/java.util.concurrent.ThreadPoolExecutor$Worker.run(ThreadPoolExecutor.java:635)
	at java.base/java.lang.Thread.run(Thread.java:833)
... Removed 16 stack frames</pre></div><a href='#' onClick='toggleBox("stack-trace2063984600", this, "Click to show all stack frames", "Click to hide stack frames")'>Click to show all stack frames</a>
<div class='stack-trace' id='stack-trace2063984600'><pre>org.openqa.selenium.WebDriverException: unknown error: DevToolsActivePort file doesn&apos;t exist
Build info: version: &apos;3.141.59&apos;, revision: &apos;e82be7d358&apos;, time: &apos;2018-11-14T08:17:03&apos;
System info: host: &apos;DESKTOP-REKBUQJ&apos;, ip: &apos;192.168.1.100&apos;, os.name: &apos;Windows 10&apos;, os.arch: &apos;amd64&apos;, os.version: &apos;10.0&apos;, java.version: &apos;18.0.2.1&apos;
Driver info: driver.version: EdgeDriver
remote stacktrace: Backtrace:
	Microsoft::Applications::Events::EventProperties::SetProperty [0x00007FF6593F1672+15186]
	Microsoft::Applications::Events::EventProperty::EventProperty [0x00007FF65938A1C2+827458]
	(No symbol) [0x00007FF65904ED90]
	(No symbol) [0x00007FF65907F7AA]
	(No symbol) [0x00007FF65907AD50]
	(No symbol) [0x00007FF6590760FC]
	(No symbol) [0x00007FF6590B9C56]
	(No symbol) [0x00007FF6590B1D23]
	(No symbol) [0x00007FF659083B80]
	(No symbol) [0x00007FF659082B0E]
	(No symbol) [0x00007FF659084344]
	Microsoft::Applications::Events::EventProperties::SetProperty [0x00007FF65926C3C0+182768]
	(No symbol) [0x00007FF659140095]
	Microsoft::Applications::Events::EventProperty::EventProperty [0x00007FF6592CA6FA+42362]
	Microsoft::Applications::Events::EventProperty::EventProperty [0x00007FF6592CD435+53941]
	Microsoft::Applications::Events::ILogManager::DispatchEventBroadcast [0x00007FF6595E8A63+1456595]
	Microsoft::Applications::Events::EventProperty::EventProperty [0x00007FF65939271A+861594]
	Microsoft::Applications::Events::EventProperty::EventProperty [0x00007FF659397804+882308]
	Microsoft::Applications::Events::EventProperty::EventProperty [0x00007FF65939795C+882652]
	Microsoft::Applications::Events::EventProperty::EventProperty [0x00007FF6593A092E+919470]
	BaseThreadInitThunk [0x00007FFC86337614+20]
	RtlUserThreadStart [0x00007FFC865A26A1+33]

	at java.base/jdk.internal.reflect.DirectConstructorHandleAccessor.newInstance(DirectConstructorHandleAccessor.java:67)
	at java.base/java.lang.reflect.Constructor.newInstanceWithCaller(Constructor.java:499)
	at java.base/java.lang.reflect.Constructor.newInstance(Constructor.java:483)
	at org.openqa.selenium.remote.W3CHandshakeResponse.lambda$errorHandler$0(W3CHandshakeResponse.java:62)
	at org.openqa.selenium.remote.HandshakeResponse.lambda$getResponseFunction$0(HandshakeResponse.java:30)
	at org.openqa.selenium.remote.ProtocolHandshake.lambda$createSession$0(ProtocolHandshake.java:126)
	at java.base/java.util.stream.ReferencePipeline$3$1.accept(ReferencePipeline.java:197)
	at java.base/java.util.Spliterators$ArraySpliterator.tryAdvance(Spliterators.java:1002)
	at java.base/java.util.stream.ReferencePipeline.forEachWithCancel(ReferencePipeline.java:129)
	at java.base/java.util.stream.AbstractPipeline.copyIntoWithCancel(AbstractPipeline.java:527)
	at java.base/java.util.stream.AbstractPipeline.copyInto(AbstractPipeline.java:513)
	at java.base/java.util.stream.AbstractPipeline.wrapAndCopyInto(AbstractPipeline.java:499)
	at java.base/java.util.stream.FindOps$FindOp.evaluateSequential(FindOps.java:150)
	at java.base/java.util.stream.AbstractPipeline.evaluate(AbstractPipeline.java:234)
	at java.base/java.util.stream.ReferencePipeline.findFirst(ReferencePipeline.java:647)
	at org.openqa.selenium.remote.ProtocolHandshake.createSession(ProtocolHandshake.java:128)
	at org.openqa.selenium.remote.ProtocolHandshake.createSession(ProtocolHandshake.java:74)
	at org.openqa.selenium.remote.HttpCommandExecutor.execute(HttpCommandExecutor.java:136)
	at org.openqa.selenium.remote.service.DriverCommandExecutor.execute(DriverCommandExecutor.java:83)
	at org.openqa.selenium.remote.RemoteWebDriver.execute(RemoteWebDriver.java:552)
	at org.openqa.selenium.remote.RemoteWebDriver.startSession(RemoteWebDriver.java:213)
	at org.openqa.selenium.remote.RemoteWebDriver.&lt;init&gt;(RemoteWebDriver.java:131)
	at org.openqa.selenium.edge.EdgeDriver.&lt;init&gt;(EdgeDriver.java:141)
	at org.openqa.selenium.edge.EdgeDriver.&lt;init&gt;(EdgeDriver.java:96)
	at TestNG_Package.TestNG_SignUpPage.launchBrowser(TestNG_SignUpPage.java:50)
	at java.base/jdk.internal.reflect.DirectMethodHandleAccessor.invoke(DirectMethodHandleAccessor.java:104)
	at java.base/java.lang.reflect.Method.invoke(Method.java:577)
	at org.testng.internal.MethodInvocationHelper.invokeMethod(MethodInvocationHelper.java:133)
	at org.testng.internal.MethodInvocationHelper.invokeMethodConsideringTimeout(MethodInvocationHelper.java:62)
	at org.testng.internal.ConfigInvoker.invokeConfigurationMethod(ConfigInvoker.java:385)
	at org.testng.internal.ConfigInvoker.invokeConfigurations(ConfigInvoker.java:321)
	at org.testng.TestRunner.invokeTestConfigurations(TestRunner.java:637)
	at org.testng.TestRunner.beforeRun(TestRunner.java:627)
	at org.testng.TestRunner.run(TestRunner.java:589)
	at org.testng.SuiteRunner.runTest(SuiteRunner.java:377)
	at org.testng.SuiteRunner.access$000(SuiteRunner.java:28)
	at org.testng.SuiteRunner$SuiteWorker.run(SuiteRunner.java:418)
	at org.testng.internal.thread.ThreadUtil.lambda$execute$0(ThreadUtil.java:64)
	at java.base/java.util.concurrent.FutureTask.run(FutureTask.java:264)
	at java.base/java.util.concurrent.ThreadPoolExecutor.runWorker(ThreadPoolExecutor.java:1136)
	at java.base/java.util.concurrent.ThreadPoolExecutor$Worker.run(ThreadPoolExecutor.java:635)
	at java.base/java.lang.Thread.run(Thread.java:833)
</pre></div></td>
<td>71</td>
<td>TestNG_Package.TestNG_SignUpPage@6c80d78a</td></tr>
</table><p>
<table width='100%' border='1' class='invocation-skipped'>
<tr><td colspan='4' align='center'><b>SKIPPED CONFIGURATIONS</b></td></tr>
<tr><td><b>Test method</b></td>
<td width="30%"><b>Exception</b></td>
<td width="10%"><b>Time (seconds)</b></td>
<td><b>Instance</b></td>
</tr>
<tr>
<td title='TestNG_Package.TestNG_SignUpPage2.afterMethod()'><b>afterMethod</b><br>Test class: TestNG_Package.TestNG_SignUpPage2</td>
<td></td>
<td>-1676359961</td>
<td>TestNG_Package.TestNG_SignUpPage2@62150f9e</td></tr>
<tr>
<td title='TestNG_Package.TestNG_SignUpPage.clearPOMObjects()'><b>clearPOMObjects</b><br>Test class: TestNG_Package.TestNG_SignUpPage</td>
<td></td>
<td>-1676359961</td>
<td>TestNG_Package.TestNG_SignUpPage@6c80d78a</td></tr>
<tr>
<td title='TestNG_Package.TestNGClass.afterMethod()'><b>afterMethod</b><br>Test class: TestNG_Package.TestNGClass</td>
<td></td>
<td>-1676359961</td>
<td>TestNG_Package.TestNGClass@1a451d4d</td></tr>
<tr>
<td title='TestNG_Package.TestNG_SignUpPage2.afterMethod()'><b>afterMethod</b><br>Test class: TestNG_Package.TestNG_SignUpPage2</td>
<td></td>
<td>-1676359961</td>
<td>TestNG_Package.TestNG_SignUpPage2@62150f9e</td></tr>
<tr>
<td title='TestNG_Package.TestNG_SignUpPage2.cretePOMObjects()'><b>cretePOMObjects</b><br>Test class: TestNG_Package.TestNG_SignUpPage2</td>
<td></td>
<td>-1676359961</td>
<td>TestNG_Package.TestNG_SignUpPage2@62150f9e</td></tr>
<tr>
<td title='TestNG_Package.TestNG_SignUpPage2.launchBrowser()'><b>launchBrowser</b><br>Test class: TestNG_Package.TestNG_SignUpPage2</td>
<td></td>
<td>-1676359961</td>
<td>TestNG_Package.TestNG_SignUpPage2@62150f9e</td></tr>
<tr>
<td title='TestNG_Package.TestNGClass.beforeMethod()'><b>beforeMethod</b><br>Test class: TestNG_Package.TestNGClass</td>
<td></td>
<td>-1676359961</td>
<td>TestNG_Package.TestNGClass@1a451d4d</td></tr>
<tr>
<td title='TestNG_Package.TestNG_SignUpPage.cretePOMObjects()'><b>cretePOMObjects</b><br>Test class: TestNG_Package.TestNG_SignUpPage</td>
<td></td>
<td>-1676359961</td>
<td>TestNG_Package.TestNG_SignUpPage@6c80d78a</td></tr>
<tr>
<td title='TestNG_Package.TestNG_SignUpPage2.gotoSignUpPage()'><b>gotoSignUpPage</b><br>Test class: TestNG_Package.TestNG_SignUpPage2</td>
<td></td>
<td>-1676359961</td>
<td>TestNG_Package.TestNG_SignUpPage2@62150f9e</td></tr>
<tr>
<td title='TestNG_Package.TestNG_SignUpPage2.gotoSignUpPage()'><b>gotoSignUpPage</b><br>Test class: TestNG_Package.TestNG_SignUpPage2</td>
<td></td>
<td>-1676359961</td>
<td>TestNG_Package.TestNG_SignUpPage2@62150f9e</td></tr>
<tr>
<td title='TestNG_Package.TestNGClass.afterClass()'><b>afterClass</b><br>Test class: TestNG_Package.TestNGClass</td>
<td></td>
<td>-1676359961</td>
<td>TestNG_Package.TestNGClass@1a451d4d</td></tr>
<tr>
<td title='TestNG_Package.TestNG_SignUpPage2.closeBrowser()'><b>closeBrowser</b><br>Test class: TestNG_Package.TestNG_SignUpPage2</td>
<td></td>
<td>-1676359961</td>
<td>TestNG_Package.TestNG_SignUpPage2@62150f9e</td></tr>
<tr>
<td title='TestNG_Package.TestNGClass.afterMethod()'><b>afterMethod</b><br>Test class: TestNG_Package.TestNGClass</td>
<td></td>
<td>-1676359961</td>
<td>TestNG_Package.TestNGClass@1a451d4d</td></tr>
<tr>
<td title='TestNG_Package.TestNGClass.beforeMethod()'><b>beforeMethod</b><br>Test class: TestNG_Package.TestNGClass</td>
<td></td>
<td>-1676359961</td>
<td>TestNG_Package.TestNGClass@1a451d4d</td></tr>
<tr>
<td title='TestNG_Package.TestNG_SignUpPage.closeBrowser()'><b>closeBrowser</b><br>Test class: TestNG_Package.TestNG_SignUpPage</td>
<td></td>
<td>-1676359961</td>
<td>TestNG_Package.TestNG_SignUpPage@6c80d78a</td></tr>
<tr>
<td title='TestNG_Package.TestNGClass.afterMethod()'><b>afterMethod</b><br>Test class: TestNG_Package.TestNGClass</td>
<td></td>
<td>-1676359961</td>
<td>TestNG_Package.TestNGClass@1a451d4d</td></tr>
<tr>
<td title='TestNG_Package.TestNGClass.beforeMethod()'><b>beforeMethod</b><br>Test class: TestNG_Package.TestNGClass</td>
<td></td>
<td>-1676359961</td>
<td>TestNG_Package.TestNGClass@1a451d4d</td></tr>
<tr>
<td title='TestNG_Package.TestNG_SignUpPage2.clearPOMObjects()'><b>clearPOMObjects</b><br>Test class: TestNG_Package.TestNG_SignUpPage2</td>
<td></td>
<td>-1676359961</td>
<td>TestNG_Package.TestNG_SignUpPage2@62150f9e</td></tr>
<tr>
<td title='TestNG_Package.TestNG_SignUpPage.gotoSignUpPage()'><b>gotoSignUpPage</b><br>Test class: TestNG_Package.TestNG_SignUpPage</td>
<td></td>
<td>-1676359961</td>
<td>TestNG_Package.TestNG_SignUpPage@6c80d78a</td></tr>
<tr>
<td title='TestNG_Package.TestNGClass.beforeMethod()'><b>beforeMethod</b><br>Test class: TestNG_Package.TestNGClass</td>
<td></td>
<td>-1676359961</td>
<td>TestNG_Package.TestNGClass@1a451d4d</td></tr>
<tr>
<td title='TestNG_Package.TestNGClass.afterMethod()'><b>afterMethod</b><br>Test class: TestNG_Package.TestNGClass</td>
<td></td>
<td>-1676359961</td>
<td>TestNG_Package.TestNGClass@1a451d4d</td></tr>
<tr>
<td title='TestNG_Package.TestNG_SignUpPage.afterMethod()'><b>afterMethod</b><br>Test class: TestNG_Package.TestNG_SignUpPage</td>
<td></td>
<td>-1676359961</td>
<td>TestNG_Package.TestNG_SignUpPage@6c80d78a</td></tr>
<tr>
<td title='TestNG_Package.TestNGClass.afterMethod()'><b>afterMethod</b><br>Test class: TestNG_Package.TestNGClass</td>
<td></td>
<td>-1676359961</td>
<td>TestNG_Package.TestNGClass@1a451d4d</td></tr>
<tr>
<td title='TestNG_Package.TestNGClass.beforeMethod()'><b>beforeMethod</b><br>Test class: TestNG_Package.TestNGClass</td>
<td></td>
<td>-1676359961</td>
<td>TestNG_Package.TestNGClass@1a451d4d</td></tr>
<tr>
<td title='TestNG_Package.TestNGClass.beforeClass()'><b>beforeClass</b><br>Test class: TestNG_Package.TestNGClass</td>
<td></td>
<td>-1676359961</td>
<td>TestNG_Package.TestNGClass@1a451d4d</td></tr>
</table><p>
<table width='100%' border='1' class='invocation-skipped'>
<tr><td colspan='4' align='center'><b>SKIPPED TESTS</b></td></tr>
<tr><td><b>Test method</b></td>
<td width="30%"><b>Exception</b></td>
<td width="10%"><b>Time (seconds)</b></td>
<td><b>Instance</b></td>
</tr>
<tr>
<td title='TestNG_Package.TestNGClass.testA()'><b>testA</b><br>Test class: TestNG_Package.TestNGClass</td>
<td><div><pre>org.openqa.selenium.WebDriverException: unknown error: DevToolsActivePort file doesn&apos;t exist
Build info: version: &apos;3.141.59&apos;, revision: &apos;e82be7d358&apos;, time: &apos;2018-11-14T08:17:03&apos;
System info: host: &apos;DESKTOP-REKBUQJ&apos;, ip: &apos;192.168.1.100&apos;, os.name: &apos;Windows 10&apos;, os.arch: &apos;amd64&apos;, os.version: &apos;10.0&apos;, java.version: &apos;18.0.2.1&apos;
Driver info: driver.version: EdgeDriver
remote stacktrace: Backtrace:
	Microsoft::Applications::Events::EventProperties::SetProperty [0x00007FF6593F1672+15186]
	Microsoft::Applications::Events::EventProperty::EventProperty [0x00007FF65938A1C2+827458]
	(No symbol) [0x00007FF65904ED90]
	(No symbol) [0x00007FF65907F7AA]
	(No symbol) [0x00007FF65907AD50]
	(No symbol) [0x00007FF6590760FC]
	(No symbol) [0x00007FF6590B9C56]
	(No symbol) [0x00007FF6590B1D23]
	(No symbol) [0x00007FF659083B80]
	(No symbol) [0x00007FF659082B0E]
	(No symbol) [0x00007FF659084344]
	Microsoft::Applications::Events::EventProperties::SetProperty [0x00007FF65926C3C0+182768]
	(No symbol) [0x00007FF659140095]
	Microsoft::Applications::Events::EventProperty::EventProperty [0x00007FF6592CA6FA+42362]
	Microsoft::Applications::Events::EventProperty::EventProperty [0x00007FF6592CD435+53941]
	Microsoft::Applications::Events::ILogManager::DispatchEventBroadcast [0x00007FF6595E8A63+1456595]
	Microsoft::Applications::Events::EventProperty::EventProperty [0x00007FF65939271A+861594]
	Microsoft::Applications::Events::EventProperty::EventProperty [0x00007FF659397804+882308]
	Microsoft::Applications::Events::EventProperty::EventProperty [0x00007FF65939795C+882652]
	Microsoft::Applications::Events::EventProperty::EventProperty [0x00007FF6593A092E+919470]
	BaseThreadInitThunk [0x00007FFC86337614+20]
	RtlUserThreadStart [0x00007FFC865A26A1+33]

	at org.openqa.selenium.remote.W3CHandshakeResponse.lambda$errorHandler$0(W3CHandshakeResponse.java:62)
	at org.openqa.selenium.remote.HandshakeResponse.lambda$getResponseFunction$0(HandshakeResponse.java:30)
	at org.openqa.selenium.remote.ProtocolHandshake.lambda$createSession$0(ProtocolHandshake.java:126)
	at java.base/java.util.stream.ReferencePipeline$3$1.accept(ReferencePipeline.java:197)
	at java.base/java.util.Spliterators$ArraySpliterator.tryAdvance(Spliterators.java:1002)
	at java.base/java.util.stream.ReferencePipeline.forEachWithCancel(ReferencePipeline.java:129)
	at java.base/java.util.stream.AbstractPipeline.copyIntoWithCancel(AbstractPipeline.java:527)
	at java.base/java.util.stream.AbstractPipeline.copyInto(AbstractPipeline.java:513)
	at java.base/java.util.stream.AbstractPipeline.wrapAndCopyInto(AbstractPipeline.java:499)
	at java.base/java.util.stream.FindOps$FindOp.evaluateSequential(FindOps.java:150)
	at java.base/java.util.stream.AbstractPipeline.evaluate(AbstractPipeline.java:234)
	at java.base/java.util.stream.ReferencePipeline.findFirst(ReferencePipeline.java:647)
	at org.openqa.selenium.remote.ProtocolHandshake.createSession(ProtocolHandshake.java:128)
	at org.openqa.selenium.remote.ProtocolHandshake.createSession(ProtocolHandshake.java:74)
	at org.openqa.selenium.remote.HttpCommandExecutor.execute(HttpCommandExecutor.java:136)
	at org.openqa.selenium.remote.service.DriverCommandExecutor.execute(DriverCommandExecutor.java:83)
	at org.openqa.selenium.remote.RemoteWebDriver.execute(RemoteWebDriver.java:552)
	at org.openqa.selenium.remote.RemoteWebDriver.startSession(RemoteWebDriver.java:213)
	at org.openqa.selenium.remote.RemoteWebDriver.&lt;init&gt;(RemoteWebDriver.java:131)
	at org.openqa.selenium.edge.EdgeDriver.&lt;init&gt;(EdgeDriver.java:141)
	at org.openqa.selenium.edge.EdgeDriver.&lt;init&gt;(EdgeDriver.java:96)
	at TestNG_Package.TestNG_SignUpPage.launchBrowser(TestNG_SignUpPage.java:50)
	at java.base/java.util.concurrent.FutureTask.run(FutureTask.java:264)
	at java.base/java.util.concurrent.ThreadPoolExecutor.runWorker(ThreadPoolExecutor.java:1136)
	at java.base/java.util.concurrent.ThreadPoolExecutor$Worker.run(ThreadPoolExecutor.java:635)
	at java.base/java.lang.Thread.run(Thread.java:833)
... Removed 16 stack frames</pre></div><a href='#' onClick='toggleBox("stack-trace106531272", this, "Click to show all stack frames", "Click to hide stack frames")'>Click to show all stack frames</a>
<div class='stack-trace' id='stack-trace106531272'><pre>org.openqa.selenium.WebDriverException: unknown error: DevToolsActivePort file doesn&apos;t exist
Build info: version: &apos;3.141.59&apos;, revision: &apos;e82be7d358&apos;, time: &apos;2018-11-14T08:17:03&apos;
System info: host: &apos;DESKTOP-REKBUQJ&apos;, ip: &apos;192.168.1.100&apos;, os.name: &apos;Windows 10&apos;, os.arch: &apos;amd64&apos;, os.version: &apos;10.0&apos;, java.version: &apos;18.0.2.1&apos;
Driver info: driver.version: EdgeDriver
remote stacktrace: Backtrace:
	Microsoft::Applications::Events::EventProperties::SetProperty [0x00007FF6593F1672+15186]
	Microsoft::Applications::Events::EventProperty::EventProperty [0x00007FF65938A1C2+827458]
	(No symbol) [0x00007FF65904ED90]
	(No symbol) [0x00007FF65907F7AA]
	(No symbol) [0x00007FF65907AD50]
	(No symbol) [0x00007FF6590760FC]
	(No symbol) [0x00007FF6590B9C56]
	(No symbol) [0x00007FF6590B1D23]
	(No symbol) [0x00007FF659083B80]
	(No symbol) [0x00007FF659082B0E]
	(No symbol) [0x00007FF659084344]
	Microsoft::Applications::Events::EventProperties::SetProperty [0x00007FF65926C3C0+182768]
	(No symbol) [0x00007FF659140095]
	Microsoft::Applications::Events::EventProperty::EventProperty [0x00007FF6592CA6FA+42362]
	Microsoft::Applications::Events::EventProperty::EventProperty [0x00007FF6592CD435+53941]
	Microsoft::Applications::Events::ILogManager::DispatchEventBroadcast [0x00007FF6595E8A63+1456595]
	Microsoft::Applications::Events::EventProperty::EventProperty [0x00007FF65939271A+861594]
	Microsoft::Applications::Events::EventProperty::EventProperty [0x00007FF659397804+882308]
	Microsoft::Applications::Events::EventProperty::EventProperty [0x00007FF65939795C+882652]
	Microsoft::Applications::Events::EventProperty::EventProperty [0x00007FF6593A092E+919470]
	BaseThreadInitThunk [0x00007FFC86337614+20]
	RtlUserThreadStart [0x00007FFC865A26A1+33]

	at java.base/jdk.internal.reflect.DirectConstructorHandleAccessor.newInstance(DirectConstructorHandleAccessor.java:67)
	at java.base/java.lang.reflect.Constructor.newInstanceWithCaller(Constructor.java:499)
	at java.base/java.lang.reflect.Constructor.newInstance(Constructor.java:483)
	at org.openqa.selenium.remote.W3CHandshakeResponse.lambda$errorHandler$0(W3CHandshakeResponse.java:62)
	at org.openqa.selenium.remote.HandshakeResponse.lambda$getResponseFunction$0(HandshakeResponse.java:30)
	at org.openqa.selenium.remote.ProtocolHandshake.lambda$createSession$0(ProtocolHandshake.java:126)
	at java.base/java.util.stream.ReferencePipeline$3$1.accept(ReferencePipeline.java:197)
	at java.base/java.util.Spliterators$ArraySpliterator.tryAdvance(Spliterators.java:1002)
	at java.base/java.util.stream.ReferencePipeline.forEachWithCancel(ReferencePipeline.java:129)
	at java.base/java.util.stream.AbstractPipeline.copyIntoWithCancel(AbstractPipeline.java:527)
	at java.base/java.util.stream.AbstractPipeline.copyInto(AbstractPipeline.java:513)
	at java.base/java.util.stream.AbstractPipeline.wrapAndCopyInto(AbstractPipeline.java:499)
	at java.base/java.util.stream.FindOps$FindOp.evaluateSequential(FindOps.java:150)
	at java.base/java.util.stream.AbstractPipeline.evaluate(AbstractPipeline.java:234)
	at java.base/java.util.stream.ReferencePipeline.findFirst(ReferencePipeline.java:647)
	at org.openqa.selenium.remote.ProtocolHandshake.createSession(ProtocolHandshake.java:128)
	at org.openqa.selenium.remote.ProtocolHandshake.createSession(ProtocolHandshake.java:74)
	at org.openqa.selenium.remote.HttpCommandExecutor.execute(HttpCommandExecutor.java:136)
	at org.openqa.selenium.remote.service.DriverCommandExecutor.execute(DriverCommandExecutor.java:83)
	at org.openqa.selenium.remote.RemoteWebDriver.execute(RemoteWebDriver.java:552)
	at org.openqa.selenium.remote.RemoteWebDriver.startSession(RemoteWebDriver.java:213)
	at org.openqa.selenium.remote.RemoteWebDriver.&lt;init&gt;(RemoteWebDriver.java:131)
	at org.openqa.selenium.edge.EdgeDriver.&lt;init&gt;(EdgeDriver.java:141)
	at org.openqa.selenium.edge.EdgeDriver.&lt;init&gt;(EdgeDriver.java:96)
	at TestNG_Package.TestNG_SignUpPage.launchBrowser(TestNG_SignUpPage.java:50)
	at java.base/jdk.internal.reflect.DirectMethodHandleAccessor.invoke(DirectMethodHandleAccessor.java:104)
	at java.base/java.lang.reflect.Method.invoke(Method.java:577)
	at org.testng.internal.MethodInvocationHelper.invokeMethod(MethodInvocationHelper.java:133)
	at org.testng.internal.MethodInvocationHelper.invokeMethodConsideringTimeout(MethodInvocationHelper.java:62)
	at org.testng.internal.ConfigInvoker.invokeConfigurationMethod(ConfigInvoker.java:385)
	at org.testng.internal.ConfigInvoker.invokeConfigurations(ConfigInvoker.java:321)
	at org.testng.TestRunner.invokeTestConfigurations(TestRunner.java:637)
	at org.testng.TestRunner.beforeRun(TestRunner.java:627)
	at org.testng.TestRunner.run(TestRunner.java:589)
	at org.testng.SuiteRunner.runTest(SuiteRunner.java:377)
	at org.testng.SuiteRunner.access$000(SuiteRunner.java:28)
	at org.testng.SuiteRunner$SuiteWorker.run(SuiteRunner.java:418)
	at org.testng.internal.thread.ThreadUtil.lambda$execute$0(ThreadUtil.java:64)
	at java.base/java.util.concurrent.FutureTask.run(FutureTask.java:264)
	at java.base/java.util.concurrent.ThreadPoolExecutor.runWorker(ThreadPoolExecutor.java:1136)
	at java.base/java.util.concurrent.ThreadPoolExecutor$Worker.run(ThreadPoolExecutor.java:635)
	at java.base/java.lang.Thread.run(Thread.java:833)
</pre></div></td>
<td>0</td>
<td>TestNG_Package.TestNGClass@1a451d4d</td></tr>
<tr>
<td title='TestNG_Package.TestNG_SignUpPage2.verifyTermsLink()'><b>verifyTermsLink</b><br>Test class: TestNG_Package.TestNG_SignUpPage2</td>
<td><div><pre>org.openqa.selenium.WebDriverException: unknown error: DevToolsActivePort file doesn&apos;t exist
Build info: version: &apos;3.141.59&apos;, revision: &apos;e82be7d358&apos;, time: &apos;2018-11-14T08:17:03&apos;
System info: host: &apos;DESKTOP-REKBUQJ&apos;, ip: &apos;192.168.1.100&apos;, os.name: &apos;Windows 10&apos;, os.arch: &apos;amd64&apos;, os.version: &apos;10.0&apos;, java.version: &apos;18.0.2.1&apos;
Driver info: driver.version: EdgeDriver
remote stacktrace: Backtrace:
	Microsoft::Applications::Events::EventProperties::SetProperty [0x00007FF6593F1672+15186]
	Microsoft::Applications::Events::EventProperty::EventProperty [0x00007FF65938A1C2+827458]
	(No symbol) [0x00007FF65904ED90]
	(No symbol) [0x00007FF65907F7AA]
	(No symbol) [0x00007FF65907AD50]
	(No symbol) [0x00007FF6590760FC]
	(No symbol) [0x00007FF6590B9C56]
	(No symbol) [0x00007FF6590B1D23]
	(No symbol) [0x00007FF659083B80]
	(No symbol) [0x00007FF659082B0E]
	(No symbol) [0x00007FF659084344]
	Microsoft::Applications::Events::EventProperties::SetProperty [0x00007FF65926C3C0+182768]
	(No symbol) [0x00007FF659140095]
	Microsoft::Applications::Events::EventProperty::EventProperty [0x00007FF6592CA6FA+42362]
	Microsoft::Applications::Events::EventProperty::EventProperty [0x00007FF6592CD435+53941]
	Microsoft::Applications::Events::ILogManager::DispatchEventBroadcast [0x00007FF6595E8A63+1456595]
	Microsoft::Applications::Events::EventProperty::EventProperty [0x00007FF65939271A+861594]
	Microsoft::Applications::Events::EventProperty::EventProperty [0x00007FF659397804+882308]
	Microsoft::Applications::Events::EventProperty::EventProperty [0x00007FF65939795C+882652]
	Microsoft::Applications::Events::EventProperty::EventProperty [0x00007FF6593A092E+919470]
	BaseThreadInitThunk [0x00007FFC86337614+20]
	RtlUserThreadStart [0x00007FFC865A26A1+33]

	at org.openqa.selenium.remote.W3CHandshakeResponse.lambda$errorHandler$0(W3CHandshakeResponse.java:62)
	at org.openqa.selenium.remote.HandshakeResponse.lambda$getResponseFunction$0(HandshakeResponse.java:30)
	at org.openqa.selenium.remote.ProtocolHandshake.lambda$createSession$0(ProtocolHandshake.java:126)
	at java.base/java.util.stream.ReferencePipeline$3$1.accept(ReferencePipeline.java:197)
	at java.base/java.util.Spliterators$ArraySpliterator.tryAdvance(Spliterators.java:1002)
	at java.base/java.util.stream.ReferencePipeline.forEachWithCancel(ReferencePipeline.java:129)
	at java.base/java.util.stream.AbstractPipeline.copyIntoWithCancel(AbstractPipeline.java:527)
	at java.base/java.util.stream.AbstractPipeline.copyInto(AbstractPipeline.java:513)
	at java.base/java.util.stream.AbstractPipeline.wrapAndCopyInto(AbstractPipeline.java:499)
	at java.base/java.util.stream.FindOps$FindOp.evaluateSequential(FindOps.java:150)
	at java.base/java.util.stream.AbstractPipeline.evaluate(AbstractPipeline.java:234)
	at java.base/java.util.stream.ReferencePipeline.findFirst(ReferencePipeline.java:647)
	at org.openqa.selenium.remote.ProtocolHandshake.createSession(ProtocolHandshake.java:128)
	at org.openqa.selenium.remote.ProtocolHandshake.createSession(ProtocolHandshake.java:74)
	at org.openqa.selenium.remote.HttpCommandExecutor.execute(HttpCommandExecutor.java:136)
	at org.openqa.selenium.remote.service.DriverCommandExecutor.execute(DriverCommandExecutor.java:83)
	at org.openqa.selenium.remote.RemoteWebDriver.execute(RemoteWebDriver.java:552)
	at org.openqa.selenium.remote.RemoteWebDriver.startSession(RemoteWebDriver.java:213)
	at org.openqa.selenium.remote.RemoteWebDriver.&lt;init&gt;(RemoteWebDriver.java:131)
	at org.openqa.selenium.edge.EdgeDriver.&lt;init&gt;(EdgeDriver.java:141)
	at org.openqa.selenium.edge.EdgeDriver.&lt;init&gt;(EdgeDriver.java:96)
	at TestNG_Package.TestNG_SignUpPage.launchBrowser(TestNG_SignUpPage.java:50)
	at java.base/java.util.concurrent.FutureTask.run(FutureTask.java:264)
	at java.base/java.util.concurrent.ThreadPoolExecutor.runWorker(ThreadPoolExecutor.java:1136)
	at java.base/java.util.concurrent.ThreadPoolExecutor$Worker.run(ThreadPoolExecutor.java:635)
	at java.base/java.lang.Thread.run(Thread.java:833)
... Removed 16 stack frames</pre></div><a href='#' onClick='toggleBox("stack-trace1224767410", this, "Click to show all stack frames", "Click to hide stack frames")'>Click to show all stack frames</a>
<div class='stack-trace' id='stack-trace1224767410'><pre>org.openqa.selenium.WebDriverException: unknown error: DevToolsActivePort file doesn&apos;t exist
Build info: version: &apos;3.141.59&apos;, revision: &apos;e82be7d358&apos;, time: &apos;2018-11-14T08:17:03&apos;
System info: host: &apos;DESKTOP-REKBUQJ&apos;, ip: &apos;192.168.1.100&apos;, os.name: &apos;Windows 10&apos;, os.arch: &apos;amd64&apos;, os.version: &apos;10.0&apos;, java.version: &apos;18.0.2.1&apos;
Driver info: driver.version: EdgeDriver
remote stacktrace: Backtrace:
	Microsoft::Applications::Events::EventProperties::SetProperty [0x00007FF6593F1672+15186]
	Microsoft::Applications::Events::EventProperty::EventProperty [0x00007FF65938A1C2+827458]
	(No symbol) [0x00007FF65904ED90]
	(No symbol) [0x00007FF65907F7AA]
	(No symbol) [0x00007FF65907AD50]
	(No symbol) [0x00007FF6590760FC]
	(No symbol) [0x00007FF6590B9C56]
	(No symbol) [0x00007FF6590B1D23]
	(No symbol) [0x00007FF659083B80]
	(No symbol) [0x00007FF659082B0E]
	(No symbol) [0x00007FF659084344]
	Microsoft::Applications::Events::EventProperties::SetProperty [0x00007FF65926C3C0+182768]
	(No symbol) [0x00007FF659140095]
	Microsoft::Applications::Events::EventProperty::EventProperty [0x00007FF6592CA6FA+42362]
	Microsoft::Applications::Events::EventProperty::EventProperty [0x00007FF6592CD435+53941]
	Microsoft::Applications::Events::ILogManager::DispatchEventBroadcast [0x00007FF6595E8A63+1456595]
	Microsoft::Applications::Events::EventProperty::EventProperty [0x00007FF65939271A+861594]
	Microsoft::Applications::Events::EventProperty::EventProperty [0x00007FF659397804+882308]
	Microsoft::Applications::Events::EventProperty::EventProperty [0x00007FF65939795C+882652]
	Microsoft::Applications::Events::EventProperty::EventProperty [0x00007FF6593A092E+919470]
	BaseThreadInitThunk [0x00007FFC86337614+20]
	RtlUserThreadStart [0x00007FFC865A26A1+33]

	at java.base/jdk.internal.reflect.DirectConstructorHandleAccessor.newInstance(DirectConstructorHandleAccessor.java:67)
	at java.base/java.lang.reflect.Constructor.newInstanceWithCaller(Constructor.java:499)
	at java.base/java.lang.reflect.Constructor.newInstance(Constructor.java:483)
	at org.openqa.selenium.remote.W3CHandshakeResponse.lambda$errorHandler$0(W3CHandshakeResponse.java:62)
	at org.openqa.selenium.remote.HandshakeResponse.lambda$getResponseFunction$0(HandshakeResponse.java:30)
	at org.openqa.selenium.remote.ProtocolHandshake.lambda$createSession$0(ProtocolHandshake.java:126)
	at java.base/java.util.stream.ReferencePipeline$3$1.accept(ReferencePipeline.java:197)
	at java.base/java.util.Spliterators$ArraySpliterator.tryAdvance(Spliterators.java:1002)
	at java.base/java.util.stream.ReferencePipeline.forEachWithCancel(ReferencePipeline.java:129)
	at java.base/java.util.stream.AbstractPipeline.copyIntoWithCancel(AbstractPipeline.java:527)
	at java.base/java.util.stream.AbstractPipeline.copyInto(AbstractPipeline.java:513)
	at java.base/java.util.stream.AbstractPipeline.wrapAndCopyInto(AbstractPipeline.java:499)
	at java.base/java.util.stream.FindOps$FindOp.evaluateSequential(FindOps.java:150)
	at java.base/java.util.stream.AbstractPipeline.evaluate(AbstractPipeline.java:234)
	at java.base/java.util.stream.ReferencePipeline.findFirst(ReferencePipeline.java:647)
	at org.openqa.selenium.remote.ProtocolHandshake.createSession(ProtocolHandshake.java:128)
	at org.openqa.selenium.remote.ProtocolHandshake.createSession(ProtocolHandshake.java:74)
	at org.openqa.selenium.remote.HttpCommandExecutor.execute(HttpCommandExecutor.java:136)
	at org.openqa.selenium.remote.service.DriverCommandExecutor.execute(DriverCommandExecutor.java:83)
	at org.openqa.selenium.remote.RemoteWebDriver.execute(RemoteWebDriver.java:552)
	at org.openqa.selenium.remote.RemoteWebDriver.startSession(RemoteWebDriver.java:213)
	at org.openqa.selenium.remote.RemoteWebDriver.&lt;init&gt;(RemoteWebDriver.java:131)
	at org.openqa.selenium.edge.EdgeDriver.&lt;init&gt;(EdgeDriver.java:141)
	at org.openqa.selenium.edge.EdgeDriver.&lt;init&gt;(EdgeDriver.java:96)
	at TestNG_Package.TestNG_SignUpPage.launchBrowser(TestNG_SignUpPage.java:50)
	at java.base/jdk.internal.reflect.DirectMethodHandleAccessor.invoke(DirectMethodHandleAccessor.java:104)
	at java.base/java.lang.reflect.Method.invoke(Method.java:577)
	at org.testng.internal.MethodInvocationHelper.invokeMethod(MethodInvocationHelper.java:133)
	at org.testng.internal.MethodInvocationHelper.invokeMethodConsideringTimeout(MethodInvocationHelper.java:62)
	at org.testng.internal.ConfigInvoker.invokeConfigurationMethod(ConfigInvoker.java:385)
	at org.testng.internal.ConfigInvoker.invokeConfigurations(ConfigInvoker.java:321)
	at org.testng.TestRunner.invokeTestConfigurations(TestRunner.java:637)
	at org.testng.TestRunner.beforeRun(TestRunner.java:627)
	at org.testng.TestRunner.run(TestRunner.java:589)
	at org.testng.SuiteRunner.runTest(SuiteRunner.java:377)
	at org.testng.SuiteRunner.access$000(SuiteRunner.java:28)
	at org.testng.SuiteRunner$SuiteWorker.run(SuiteRunner.java:418)
	at org.testng.internal.thread.ThreadUtil.lambda$execute$0(ThreadUtil.java:64)
	at java.base/java.util.concurrent.FutureTask.run(FutureTask.java:264)
	at java.base/java.util.concurrent.ThreadPoolExecutor.runWorker(ThreadPoolExecutor.java:1136)
	at java.base/java.util.concurrent.ThreadPoolExecutor$Worker.run(ThreadPoolExecutor.java:635)
	at java.base/java.lang.Thread.run(Thread.java:833)
</pre></div></td>
<td>0</td>
<td>TestNG_Package.TestNG_SignUpPage2@62150f9e</td></tr>
<tr>
<td title='TestNG_Package.TestNGClass.testC()'><b>testC</b><br>Test class: TestNG_Package.TestNGClass</td>
<td><div><pre>org.openqa.selenium.WebDriverException: unknown error: DevToolsActivePort file doesn&apos;t exist
Build info: version: &apos;3.141.59&apos;, revision: &apos;e82be7d358&apos;, time: &apos;2018-11-14T08:17:03&apos;
System info: host: &apos;DESKTOP-REKBUQJ&apos;, ip: &apos;192.168.1.100&apos;, os.name: &apos;Windows 10&apos;, os.arch: &apos;amd64&apos;, os.version: &apos;10.0&apos;, java.version: &apos;18.0.2.1&apos;
Driver info: driver.version: EdgeDriver
remote stacktrace: Backtrace:
	Microsoft::Applications::Events::EventProperties::SetProperty [0x00007FF6593F1672+15186]
	Microsoft::Applications::Events::EventProperty::EventProperty [0x00007FF65938A1C2+827458]
	(No symbol) [0x00007FF65904ED90]
	(No symbol) [0x00007FF65907F7AA]
	(No symbol) [0x00007FF65907AD50]
	(No symbol) [0x00007FF6590760FC]
	(No symbol) [0x00007FF6590B9C56]
	(No symbol) [0x00007FF6590B1D23]
	(No symbol) [0x00007FF659083B80]
	(No symbol) [0x00007FF659082B0E]
	(No symbol) [0x00007FF659084344]
	Microsoft::Applications::Events::EventProperties::SetProperty [0x00007FF65926C3C0+182768]
	(No symbol) [0x00007FF659140095]
	Microsoft::Applications::Events::EventProperty::EventProperty [0x00007FF6592CA6FA+42362]
	Microsoft::Applications::Events::EventProperty::EventProperty [0x00007FF6592CD435+53941]
	Microsoft::Applications::Events::ILogManager::DispatchEventBroadcast [0x00007FF6595E8A63+1456595]
	Microsoft::Applications::Events::EventProperty::EventProperty [0x00007FF65939271A+861594]
	Microsoft::Applications::Events::EventProperty::EventProperty [0x00007FF659397804+882308]
	Microsoft::Applications::Events::EventProperty::EventProperty [0x00007FF65939795C+882652]
	Microsoft::Applications::Events::EventProperty::EventProperty [0x00007FF6593A092E+919470]
	BaseThreadInitThunk [0x00007FFC86337614+20]
	RtlUserThreadStart [0x00007FFC865A26A1+33]

	at org.openqa.selenium.remote.W3CHandshakeResponse.lambda$errorHandler$0(W3CHandshakeResponse.java:62)
	at org.openqa.selenium.remote.HandshakeResponse.lambda$getResponseFunction$0(HandshakeResponse.java:30)
	at org.openqa.selenium.remote.ProtocolHandshake.lambda$createSession$0(ProtocolHandshake.java:126)
	at java.base/java.util.stream.ReferencePipeline$3$1.accept(ReferencePipeline.java:197)
	at java.base/java.util.Spliterators$ArraySpliterator.tryAdvance(Spliterators.java:1002)
	at java.base/java.util.stream.ReferencePipeline.forEachWithCancel(ReferencePipeline.java:129)
	at java.base/java.util.stream.AbstractPipeline.copyIntoWithCancel(AbstractPipeline.java:527)
	at java.base/java.util.stream.AbstractPipeline.copyInto(AbstractPipeline.java:513)
	at java.base/java.util.stream.AbstractPipeline.wrapAndCopyInto(AbstractPipeline.java:499)
	at java.base/java.util.stream.FindOps$FindOp.evaluateSequential(FindOps.java:150)
	at java.base/java.util.stream.AbstractPipeline.evaluate(AbstractPipeline.java:234)
	at java.base/java.util.stream.ReferencePipeline.findFirst(ReferencePipeline.java:647)
	at org.openqa.selenium.remote.ProtocolHandshake.createSession(ProtocolHandshake.java:128)
	at org.openqa.selenium.remote.ProtocolHandshake.createSession(ProtocolHandshake.java:74)
	at org.openqa.selenium.remote.HttpCommandExecutor.execute(HttpCommandExecutor.java:136)
	at org.openqa.selenium.remote.service.DriverCommandExecutor.execute(DriverCommandExecutor.java:83)
	at org.openqa.selenium.remote.RemoteWebDriver.execute(RemoteWebDriver.java:552)
	at org.openqa.selenium.remote.RemoteWebDriver.startSession(RemoteWebDriver.java:213)
	at org.openqa.selenium.remote.RemoteWebDriver.&lt;init&gt;(RemoteWebDriver.java:131)
	at org.openqa.selenium.edge.EdgeDriver.&lt;init&gt;(EdgeDriver.java:141)
	at org.openqa.selenium.edge.EdgeDriver.&lt;init&gt;(EdgeDriver.java:96)
	at TestNG_Package.TestNG_SignUpPage.launchBrowser(TestNG_SignUpPage.java:50)
	at java.base/java.util.concurrent.FutureTask.run(FutureTask.java:264)
	at java.base/java.util.concurrent.ThreadPoolExecutor.runWorker(ThreadPoolExecutor.java:1136)
	at java.base/java.util.concurrent.ThreadPoolExecutor$Worker.run(ThreadPoolExecutor.java:635)
	at java.base/java.lang.Thread.run(Thread.java:833)
... Removed 16 stack frames</pre></div><a href='#' onClick='toggleBox("stack-trace1704852216", this, "Click to show all stack frames", "Click to hide stack frames")'>Click to show all stack frames</a>
<div class='stack-trace' id='stack-trace1704852216'><pre>org.openqa.selenium.WebDriverException: unknown error: DevToolsActivePort file doesn&apos;t exist
Build info: version: &apos;3.141.59&apos;, revision: &apos;e82be7d358&apos;, time: &apos;2018-11-14T08:17:03&apos;
System info: host: &apos;DESKTOP-REKBUQJ&apos;, ip: &apos;192.168.1.100&apos;, os.name: &apos;Windows 10&apos;, os.arch: &apos;amd64&apos;, os.version: &apos;10.0&apos;, java.version: &apos;18.0.2.1&apos;
Driver info: driver.version: EdgeDriver
remote stacktrace: Backtrace:
	Microsoft::Applications::Events::EventProperties::SetProperty [0x00007FF6593F1672+15186]
	Microsoft::Applications::Events::EventProperty::EventProperty [0x00007FF65938A1C2+827458]
	(No symbol) [0x00007FF65904ED90]
	(No symbol) [0x00007FF65907F7AA]
	(No symbol) [0x00007FF65907AD50]
	(No symbol) [0x00007FF6590760FC]
	(No symbol) [0x00007FF6590B9C56]
	(No symbol) [0x00007FF6590B1D23]
	(No symbol) [0x00007FF659083B80]
	(No symbol) [0x00007FF659082B0E]
	(No symbol) [0x00007FF659084344]
	Microsoft::Applications::Events::EventProperties::SetProperty [0x00007FF65926C3C0+182768]
	(No symbol) [0x00007FF659140095]
	Microsoft::Applications::Events::EventProperty::EventProperty [0x00007FF6592CA6FA+42362]
	Microsoft::Applications::Events::EventProperty::EventProperty [0x00007FF6592CD435+53941]
	Microsoft::Applications::Events::ILogManager::DispatchEventBroadcast [0x00007FF6595E8A63+1456595]
	Microsoft::Applications::Events::EventProperty::EventProperty [0x00007FF65939271A+861594]
	Microsoft::Applications::Events::EventProperty::EventProperty [0x00007FF659397804+882308]
	Microsoft::Applications::Events::EventProperty::EventProperty [0x00007FF65939795C+882652]
	Microsoft::Applications::Events::EventProperty::EventProperty [0x00007FF6593A092E+919470]
	BaseThreadInitThunk [0x00007FFC86337614+20]
	RtlUserThreadStart [0x00007FFC865A26A1+33]

	at java.base/jdk.internal.reflect.DirectConstructorHandleAccessor.newInstance(DirectConstructorHandleAccessor.java:67)
	at java.base/java.lang.reflect.Constructor.newInstanceWithCaller(Constructor.java:499)
	at java.base/java.lang.reflect.Constructor.newInstance(Constructor.java:483)
	at org.openqa.selenium.remote.W3CHandshakeResponse.lambda$errorHandler$0(W3CHandshakeResponse.java:62)
	at org.openqa.selenium.remote.HandshakeResponse.lambda$getResponseFunction$0(HandshakeResponse.java:30)
	at org.openqa.selenium.remote.ProtocolHandshake.lambda$createSession$0(ProtocolHandshake.java:126)
	at java.base/java.util.stream.ReferencePipeline$3$1.accept(ReferencePipeline.java:197)
	at java.base/java.util.Spliterators$ArraySpliterator.tryAdvance(Spliterators.java:1002)
	at java.base/java.util.stream.ReferencePipeline.forEachWithCancel(ReferencePipeline.java:129)
	at java.base/java.util.stream.AbstractPipeline.copyIntoWithCancel(AbstractPipeline.java:527)
	at java.base/java.util.stream.AbstractPipeline.copyInto(AbstractPipeline.java:513)
	at java.base/java.util.stream.AbstractPipeline.wrapAndCopyInto(AbstractPipeline.java:499)
	at java.base/java.util.stream.FindOps$FindOp.evaluateSequential(FindOps.java:150)
	at java.base/java.util.stream.AbstractPipeline.evaluate(AbstractPipeline.java:234)
	at java.base/java.util.stream.ReferencePipeline.findFirst(ReferencePipeline.java:647)
	at org.openqa.selenium.remote.ProtocolHandshake.createSession(ProtocolHandshake.java:128)
	at org.openqa.selenium.remote.ProtocolHandshake.createSession(ProtocolHandshake.java:74)
	at org.openqa.selenium.remote.HttpCommandExecutor.execute(HttpCommandExecutor.java:136)
	at org.openqa.selenium.remote.service.DriverCommandExecutor.execute(DriverCommandExecutor.java:83)
	at org.openqa.selenium.remote.RemoteWebDriver.execute(RemoteWebDriver.java:552)
	at org.openqa.selenium.remote.RemoteWebDriver.startSession(RemoteWebDriver.java:213)
	at org.openqa.selenium.remote.RemoteWebDriver.&lt;init&gt;(RemoteWebDriver.java:131)
	at org.openqa.selenium.edge.EdgeDriver.&lt;init&gt;(EdgeDriver.java:141)
	at org.openqa.selenium.edge.EdgeDriver.&lt;init&gt;(EdgeDriver.java:96)
	at TestNG_Package.TestNG_SignUpPage.launchBrowser(TestNG_SignUpPage.java:50)
	at java.base/jdk.internal.reflect.DirectMethodHandleAccessor.invoke(DirectMethodHandleAccessor.java:104)
	at java.base/java.lang.reflect.Method.invoke(Method.java:577)
	at org.testng.internal.MethodInvocationHelper.invokeMethod(MethodInvocationHelper.java:133)
	at org.testng.internal.MethodInvocationHelper.invokeMethodConsideringTimeout(MethodInvocationHelper.java:62)
	at org.testng.internal.ConfigInvoker.invokeConfigurationMethod(ConfigInvoker.java:385)
	at org.testng.internal.ConfigInvoker.invokeConfigurations(ConfigInvoker.java:321)
	at org.testng.TestRunner.invokeTestConfigurations(TestRunner.java:637)
	at org.testng.TestRunner.beforeRun(TestRunner.java:627)
	at org.testng.TestRunner.run(TestRunner.java:589)
	at org.testng.SuiteRunner.runTest(SuiteRunner.java:377)
	at org.testng.SuiteRunner.access$000(SuiteRunner.java:28)
	at org.testng.SuiteRunner$SuiteWorker.run(SuiteRunner.java:418)
	at org.testng.internal.thread.ThreadUtil.lambda$execute$0(ThreadUtil.java:64)
	at java.base/java.util.concurrent.FutureTask.run(FutureTask.java:264)
	at java.base/java.util.concurrent.ThreadPoolExecutor.runWorker(ThreadPoolExecutor.java:1136)
	at java.base/java.util.concurrent.ThreadPoolExecutor$Worker.run(ThreadPoolExecutor.java:635)
	at java.base/java.lang.Thread.run(Thread.java:833)
</pre></div></td>
<td>0</td>
<td>TestNG_Package.TestNGClass@1a451d4d</td></tr>
<tr>
<td title='TestNG_Package.TestNG_SignUpPage.createnewaccount()'><b>createnewaccount</b><br>Test class: TestNG_Package.TestNG_SignUpPage</td>
<td><div><pre>org.openqa.selenium.WebDriverException: unknown error: DevToolsActivePort file doesn&apos;t exist
Build info: version: &apos;3.141.59&apos;, revision: &apos;e82be7d358&apos;, time: &apos;2018-11-14T08:17:03&apos;
System info: host: &apos;DESKTOP-REKBUQJ&apos;, ip: &apos;192.168.1.100&apos;, os.name: &apos;Windows 10&apos;, os.arch: &apos;amd64&apos;, os.version: &apos;10.0&apos;, java.version: &apos;18.0.2.1&apos;
Driver info: driver.version: EdgeDriver
remote stacktrace: Backtrace:
	Microsoft::Applications::Events::EventProperties::SetProperty [0x00007FF6593F1672+15186]
	Microsoft::Applications::Events::EventProperty::EventProperty [0x00007FF65938A1C2+827458]
	(No symbol) [0x00007FF65904ED90]
	(No symbol) [0x00007FF65907F7AA]
	(No symbol) [0x00007FF65907AD50]
	(No symbol) [0x00007FF6590760FC]
	(No symbol) [0x00007FF6590B9C56]
	(No symbol) [0x00007FF6590B1D23]
	(No symbol) [0x00007FF659083B80]
	(No symbol) [0x00007FF659082B0E]
	(No symbol) [0x00007FF659084344]
	Microsoft::Applications::Events::EventProperties::SetProperty [0x00007FF65926C3C0+182768]
	(No symbol) [0x00007FF659140095]
	Microsoft::Applications::Events::EventProperty::EventProperty [0x00007FF6592CA6FA+42362]
	Microsoft::Applications::Events::EventProperty::EventProperty [0x00007FF6592CD435+53941]
	Microsoft::Applications::Events::ILogManager::DispatchEventBroadcast [0x00007FF6595E8A63+1456595]
	Microsoft::Applications::Events::EventProperty::EventProperty [0x00007FF65939271A+861594]
	Microsoft::Applications::Events::EventProperty::EventProperty [0x00007FF659397804+882308]
	Microsoft::Applications::Events::EventProperty::EventProperty [0x00007FF65939795C+882652]
	Microsoft::Applications::Events::EventProperty::EventProperty [0x00007FF6593A092E+919470]
	BaseThreadInitThunk [0x00007FFC86337614+20]
	RtlUserThreadStart [0x00007FFC865A26A1+33]

	at org.openqa.selenium.remote.W3CHandshakeResponse.lambda$errorHandler$0(W3CHandshakeResponse.java:62)
	at org.openqa.selenium.remote.HandshakeResponse.lambda$getResponseFunction$0(HandshakeResponse.java:30)
	at org.openqa.selenium.remote.ProtocolHandshake.lambda$createSession$0(ProtocolHandshake.java:126)
	at java.base/java.util.stream.ReferencePipeline$3$1.accept(ReferencePipeline.java:197)
	at java.base/java.util.Spliterators$ArraySpliterator.tryAdvance(Spliterators.java:1002)
	at java.base/java.util.stream.ReferencePipeline.forEachWithCancel(ReferencePipeline.java:129)
	at java.base/java.util.stream.AbstractPipeline.copyIntoWithCancel(AbstractPipeline.java:527)
	at java.base/java.util.stream.AbstractPipeline.copyInto(AbstractPipeline.java:513)
	at java.base/java.util.stream.AbstractPipeline.wrapAndCopyInto(AbstractPipeline.java:499)
	at java.base/java.util.stream.FindOps$FindOp.evaluateSequential(FindOps.java:150)
	at java.base/java.util.stream.AbstractPipeline.evaluate(AbstractPipeline.java:234)
	at java.base/java.util.stream.ReferencePipeline.findFirst(ReferencePipeline.java:647)
	at org.openqa.selenium.remote.ProtocolHandshake.createSession(ProtocolHandshake.java:128)
	at org.openqa.selenium.remote.ProtocolHandshake.createSession(ProtocolHandshake.java:74)
	at org.openqa.selenium.remote.HttpCommandExecutor.execute(HttpCommandExecutor.java:136)
	at org.openqa.selenium.remote.service.DriverCommandExecutor.execute(DriverCommandExecutor.java:83)
	at org.openqa.selenium.remote.RemoteWebDriver.execute(RemoteWebDriver.java:552)
	at org.openqa.selenium.remote.RemoteWebDriver.startSession(RemoteWebDriver.java:213)
	at org.openqa.selenium.remote.RemoteWebDriver.&lt;init&gt;(RemoteWebDriver.java:131)
	at org.openqa.selenium.edge.EdgeDriver.&lt;init&gt;(EdgeDriver.java:141)
	at org.openqa.selenium.edge.EdgeDriver.&lt;init&gt;(EdgeDriver.java:96)
	at TestNG_Package.TestNG_SignUpPage.launchBrowser(TestNG_SignUpPage.java:50)
	at java.base/java.util.concurrent.FutureTask.run(FutureTask.java:264)
	at java.base/java.util.concurrent.ThreadPoolExecutor.runWorker(ThreadPoolExecutor.java:1136)
	at java.base/java.util.concurrent.ThreadPoolExecutor$Worker.run(ThreadPoolExecutor.java:635)
	at java.base/java.lang.Thread.run(Thread.java:833)
... Removed 16 stack frames</pre></div><a href='#' onClick='toggleBox("stack-trace2038092642", this, "Click to show all stack frames", "Click to hide stack frames")'>Click to show all stack frames</a>
<div class='stack-trace' id='stack-trace2038092642'><pre>org.openqa.selenium.WebDriverException: unknown error: DevToolsActivePort file doesn&apos;t exist
Build info: version: &apos;3.141.59&apos;, revision: &apos;e82be7d358&apos;, time: &apos;2018-11-14T08:17:03&apos;
System info: host: &apos;DESKTOP-REKBUQJ&apos;, ip: &apos;192.168.1.100&apos;, os.name: &apos;Windows 10&apos;, os.arch: &apos;amd64&apos;, os.version: &apos;10.0&apos;, java.version: &apos;18.0.2.1&apos;
Driver info: driver.version: EdgeDriver
remote stacktrace: Backtrace:
	Microsoft::Applications::Events::EventProperties::SetProperty [0x00007FF6593F1672+15186]
	Microsoft::Applications::Events::EventProperty::EventProperty [0x00007FF65938A1C2+827458]
	(No symbol) [0x00007FF65904ED90]
	(No symbol) [0x00007FF65907F7AA]
	(No symbol) [0x00007FF65907AD50]
	(No symbol) [0x00007FF6590760FC]
	(No symbol) [0x00007FF6590B9C56]
	(No symbol) [0x00007FF6590B1D23]
	(No symbol) [0x00007FF659083B80]
	(No symbol) [0x00007FF659082B0E]
	(No symbol) [0x00007FF659084344]
	Microsoft::Applications::Events::EventProperties::SetProperty [0x00007FF65926C3C0+182768]
	(No symbol) [0x00007FF659140095]
	Microsoft::Applications::Events::EventProperty::EventProperty [0x00007FF6592CA6FA+42362]
	Microsoft::Applications::Events::EventProperty::EventProperty [0x00007FF6592CD435+53941]
	Microsoft::Applications::Events::ILogManager::DispatchEventBroadcast [0x00007FF6595E8A63+1456595]
	Microsoft::Applications::Events::EventProperty::EventProperty [0x00007FF65939271A+861594]
	Microsoft::Applications::Events::EventProperty::EventProperty [0x00007FF659397804+882308]
	Microsoft::Applications::Events::EventProperty::EventProperty [0x00007FF65939795C+882652]
	Microsoft::Applications::Events::EventProperty::EventProperty [0x00007FF6593A092E+919470]
	BaseThreadInitThunk [0x00007FFC86337614+20]
	RtlUserThreadStart [0x00007FFC865A26A1+33]

	at java.base/jdk.internal.reflect.DirectConstructorHandleAccessor.newInstance(DirectConstructorHandleAccessor.java:67)
	at java.base/java.lang.reflect.Constructor.newInstanceWithCaller(Constructor.java:499)
	at java.base/java.lang.reflect.Constructor.newInstance(Constructor.java:483)
	at org.openqa.selenium.remote.W3CHandshakeResponse.lambda$errorHandler$0(W3CHandshakeResponse.java:62)
	at org.openqa.selenium.remote.HandshakeResponse.lambda$getResponseFunction$0(HandshakeResponse.java:30)
	at org.openqa.selenium.remote.ProtocolHandshake.lambda$createSession$0(ProtocolHandshake.java:126)
	at java.base/java.util.stream.ReferencePipeline$3$1.accept(ReferencePipeline.java:197)
	at java.base/java.util.Spliterators$ArraySpliterator.tryAdvance(Spliterators.java:1002)
	at java.base/java.util.stream.ReferencePipeline.forEachWithCancel(ReferencePipeline.java:129)
	at java.base/java.util.stream.AbstractPipeline.copyIntoWithCancel(AbstractPipeline.java:527)
	at java.base/java.util.stream.AbstractPipeline.copyInto(AbstractPipeline.java:513)
	at java.base/java.util.stream.AbstractPipeline.wrapAndCopyInto(AbstractPipeline.java:499)
	at java.base/java.util.stream.FindOps$FindOp.evaluateSequential(FindOps.java:150)
	at java.base/java.util.stream.AbstractPipeline.evaluate(AbstractPipeline.java:234)
	at java.base/java.util.stream.ReferencePipeline.findFirst(ReferencePipeline.java:647)
	at org.openqa.selenium.remote.ProtocolHandshake.createSession(ProtocolHandshake.java:128)
	at org.openqa.selenium.remote.ProtocolHandshake.createSession(ProtocolHandshake.java:74)
	at org.openqa.selenium.remote.HttpCommandExecutor.execute(HttpCommandExecutor.java:136)
	at org.openqa.selenium.remote.service.DriverCommandExecutor.execute(DriverCommandExecutor.java:83)
	at org.openqa.selenium.remote.RemoteWebDriver.execute(RemoteWebDriver.java:552)
	at org.openqa.selenium.remote.RemoteWebDriver.startSession(RemoteWebDriver.java:213)
	at org.openqa.selenium.remote.RemoteWebDriver.&lt;init&gt;(RemoteWebDriver.java:131)
	at org.openqa.selenium.edge.EdgeDriver.&lt;init&gt;(EdgeDriver.java:141)
	at org.openqa.selenium.edge.EdgeDriver.&lt;init&gt;(EdgeDriver.java:96)
	at TestNG_Package.TestNG_SignUpPage.launchBrowser(TestNG_SignUpPage.java:50)
	at java.base/jdk.internal.reflect.DirectMethodHandleAccessor.invoke(DirectMethodHandleAccessor.java:104)
	at java.base/java.lang.reflect.Method.invoke(Method.java:577)
	at org.testng.internal.MethodInvocationHelper.invokeMethod(MethodInvocationHelper.java:133)
	at org.testng.internal.MethodInvocationHelper.invokeMethodConsideringTimeout(MethodInvocationHelper.java:62)
	at org.testng.internal.ConfigInvoker.invokeConfigurationMethod(ConfigInvoker.java:385)
	at org.testng.internal.ConfigInvoker.invokeConfigurations(ConfigInvoker.java:321)
	at org.testng.TestRunner.invokeTestConfigurations(TestRunner.java:637)
	at org.testng.TestRunner.beforeRun(TestRunner.java:627)
	at org.testng.TestRunner.run(TestRunner.java:589)
	at org.testng.SuiteRunner.runTest(SuiteRunner.java:377)
	at org.testng.SuiteRunner.access$000(SuiteRunner.java:28)
	at org.testng.SuiteRunner$SuiteWorker.run(SuiteRunner.java:418)
	at org.testng.internal.thread.ThreadUtil.lambda$execute$0(ThreadUtil.java:64)
	at java.base/java.util.concurrent.FutureTask.run(FutureTask.java:264)
	at java.base/java.util.concurrent.ThreadPoolExecutor.runWorker(ThreadPoolExecutor.java:1136)
	at java.base/java.util.concurrent.ThreadPoolExecutor$Worker.run(ThreadPoolExecutor.java:635)
	at java.base/java.lang.Thread.run(Thread.java:833)
</pre></div></td>
<td>0</td>
<td>TestNG_Package.TestNG_SignUpPage@6c80d78a</td></tr>
<tr>
<td title='TestNG_Package.TestNG_SignUpPage2.verifyCookiesPolicyLink()'><b>verifyCookiesPolicyLink</b><br>Test class: TestNG_Package.TestNG_SignUpPage2</td>
<td><div><pre>org.openqa.selenium.WebDriverException: unknown error: DevToolsActivePort file doesn&apos;t exist
Build info: version: &apos;3.141.59&apos;, revision: &apos;e82be7d358&apos;, time: &apos;2018-11-14T08:17:03&apos;
System info: host: &apos;DESKTOP-REKBUQJ&apos;, ip: &apos;192.168.1.100&apos;, os.name: &apos;Windows 10&apos;, os.arch: &apos;amd64&apos;, os.version: &apos;10.0&apos;, java.version: &apos;18.0.2.1&apos;
Driver info: driver.version: EdgeDriver
remote stacktrace: Backtrace:
	Microsoft::Applications::Events::EventProperties::SetProperty [0x00007FF6593F1672+15186]
	Microsoft::Applications::Events::EventProperty::EventProperty [0x00007FF65938A1C2+827458]
	(No symbol) [0x00007FF65904ED90]
	(No symbol) [0x00007FF65907F7AA]
	(No symbol) [0x00007FF65907AD50]
	(No symbol) [0x00007FF6590760FC]
	(No symbol) [0x00007FF6590B9C56]
	(No symbol) [0x00007FF6590B1D23]
	(No symbol) [0x00007FF659083B80]
	(No symbol) [0x00007FF659082B0E]
	(No symbol) [0x00007FF659084344]
	Microsoft::Applications::Events::EventProperties::SetProperty [0x00007FF65926C3C0+182768]
	(No symbol) [0x00007FF659140095]
	Microsoft::Applications::Events::EventProperty::EventProperty [0x00007FF6592CA6FA+42362]
	Microsoft::Applications::Events::EventProperty::EventProperty [0x00007FF6592CD435+53941]
	Microsoft::Applications::Events::ILogManager::DispatchEventBroadcast [0x00007FF6595E8A63+1456595]
	Microsoft::Applications::Events::EventProperty::EventProperty [0x00007FF65939271A+861594]
	Microsoft::Applications::Events::EventProperty::EventProperty [0x00007FF659397804+882308]
	Microsoft::Applications::Events::EventProperty::EventProperty [0x00007FF65939795C+882652]
	Microsoft::Applications::Events::EventProperty::EventProperty [0x00007FF6593A092E+919470]
	BaseThreadInitThunk [0x00007FFC86337614+20]
	RtlUserThreadStart [0x00007FFC865A26A1+33]

	at org.openqa.selenium.remote.W3CHandshakeResponse.lambda$errorHandler$0(W3CHandshakeResponse.java:62)
	at org.openqa.selenium.remote.HandshakeResponse.lambda$getResponseFunction$0(HandshakeResponse.java:30)
	at org.openqa.selenium.remote.ProtocolHandshake.lambda$createSession$0(ProtocolHandshake.java:126)
	at java.base/java.util.stream.ReferencePipeline$3$1.accept(ReferencePipeline.java:197)
	at java.base/java.util.Spliterators$ArraySpliterator.tryAdvance(Spliterators.java:1002)
	at java.base/java.util.stream.ReferencePipeline.forEachWithCancel(ReferencePipeline.java:129)
	at java.base/java.util.stream.AbstractPipeline.copyIntoWithCancel(AbstractPipeline.java:527)
	at java.base/java.util.stream.AbstractPipeline.copyInto(AbstractPipeline.java:513)
	at java.base/java.util.stream.AbstractPipeline.wrapAndCopyInto(AbstractPipeline.java:499)
	at java.base/java.util.stream.FindOps$FindOp.evaluateSequential(FindOps.java:150)
	at java.base/java.util.stream.AbstractPipeline.evaluate(AbstractPipeline.java:234)
	at java.base/java.util.stream.ReferencePipeline.findFirst(ReferencePipeline.java:647)
	at org.openqa.selenium.remote.ProtocolHandshake.createSession(ProtocolHandshake.java:128)
	at org.openqa.selenium.remote.ProtocolHandshake.createSession(ProtocolHandshake.java:74)
	at org.openqa.selenium.remote.HttpCommandExecutor.execute(HttpCommandExecutor.java:136)
	at org.openqa.selenium.remote.service.DriverCommandExecutor.execute(DriverCommandExecutor.java:83)
	at org.openqa.selenium.remote.RemoteWebDriver.execute(RemoteWebDriver.java:552)
	at org.openqa.selenium.remote.RemoteWebDriver.startSession(RemoteWebDriver.java:213)
	at org.openqa.selenium.remote.RemoteWebDriver.&lt;init&gt;(RemoteWebDriver.java:131)
	at org.openqa.selenium.edge.EdgeDriver.&lt;init&gt;(EdgeDriver.java:141)
	at org.openqa.selenium.edge.EdgeDriver.&lt;init&gt;(EdgeDriver.java:96)
	at TestNG_Package.TestNG_SignUpPage.launchBrowser(TestNG_SignUpPage.java:50)
	at java.base/java.util.concurrent.FutureTask.run(FutureTask.java:264)
	at java.base/java.util.concurrent.ThreadPoolExecutor.runWorker(ThreadPoolExecutor.java:1136)
	at java.base/java.util.concurrent.ThreadPoolExecutor$Worker.run(ThreadPoolExecutor.java:635)
	at java.base/java.lang.Thread.run(Thread.java:833)
... Removed 16 stack frames</pre></div><a href='#' onClick='toggleBox("stack-trace1385802273", this, "Click to show all stack frames", "Click to hide stack frames")'>Click to show all stack frames</a>
<div class='stack-trace' id='stack-trace1385802273'><pre>org.openqa.selenium.WebDriverException: unknown error: DevToolsActivePort file doesn&apos;t exist
Build info: version: &apos;3.141.59&apos;, revision: &apos;e82be7d358&apos;, time: &apos;2018-11-14T08:17:03&apos;
System info: host: &apos;DESKTOP-REKBUQJ&apos;, ip: &apos;192.168.1.100&apos;, os.name: &apos;Windows 10&apos;, os.arch: &apos;amd64&apos;, os.version: &apos;10.0&apos;, java.version: &apos;18.0.2.1&apos;
Driver info: driver.version: EdgeDriver
remote stacktrace: Backtrace:
	Microsoft::Applications::Events::EventProperties::SetProperty [0x00007FF6593F1672+15186]
	Microsoft::Applications::Events::EventProperty::EventProperty [0x00007FF65938A1C2+827458]
	(No symbol) [0x00007FF65904ED90]
	(No symbol) [0x00007FF65907F7AA]
	(No symbol) [0x00007FF65907AD50]
	(No symbol) [0x00007FF6590760FC]
	(No symbol) [0x00007FF6590B9C56]
	(No symbol) [0x00007FF6590B1D23]
	(No symbol) [0x00007FF659083B80]
	(No symbol) [0x00007FF659082B0E]
	(No symbol) [0x00007FF659084344]
	Microsoft::Applications::Events::EventProperties::SetProperty [0x00007FF65926C3C0+182768]
	(No symbol) [0x00007FF659140095]
	Microsoft::Applications::Events::EventProperty::EventProperty [0x00007FF6592CA6FA+42362]
	Microsoft::Applications::Events::EventProperty::EventProperty [0x00007FF6592CD435+53941]
	Microsoft::Applications::Events::ILogManager::DispatchEventBroadcast [0x00007FF6595E8A63+1456595]
	Microsoft::Applications::Events::EventProperty::EventProperty [0x00007FF65939271A+861594]
	Microsoft::Applications::Events::EventProperty::EventProperty [0x00007FF659397804+882308]
	Microsoft::Applications::Events::EventProperty::EventProperty [0x00007FF65939795C+882652]
	Microsoft::Applications::Events::EventProperty::EventProperty [0x00007FF6593A092E+919470]
	BaseThreadInitThunk [0x00007FFC86337614+20]
	RtlUserThreadStart [0x00007FFC865A26A1+33]

	at java.base/jdk.internal.reflect.DirectConstructorHandleAccessor.newInstance(DirectConstructorHandleAccessor.java:67)
	at java.base/java.lang.reflect.Constructor.newInstanceWithCaller(Constructor.java:499)
	at java.base/java.lang.reflect.Constructor.newInstance(Constructor.java:483)
	at org.openqa.selenium.remote.W3CHandshakeResponse.lambda$errorHandler$0(W3CHandshakeResponse.java:62)
	at org.openqa.selenium.remote.HandshakeResponse.lambda$getResponseFunction$0(HandshakeResponse.java:30)
	at org.openqa.selenium.remote.ProtocolHandshake.lambda$createSession$0(ProtocolHandshake.java:126)
	at java.base/java.util.stream.ReferencePipeline$3$1.accept(ReferencePipeline.java:197)
	at java.base/java.util.Spliterators$ArraySpliterator.tryAdvance(Spliterators.java:1002)
	at java.base/java.util.stream.ReferencePipeline.forEachWithCancel(ReferencePipeline.java:129)
	at java.base/java.util.stream.AbstractPipeline.copyIntoWithCancel(AbstractPipeline.java:527)
	at java.base/java.util.stream.AbstractPipeline.copyInto(AbstractPipeline.java:513)
	at java.base/java.util.stream.AbstractPipeline.wrapAndCopyInto(AbstractPipeline.java:499)
	at java.base/java.util.stream.FindOps$FindOp.evaluateSequential(FindOps.java:150)
	at java.base/java.util.stream.AbstractPipeline.evaluate(AbstractPipeline.java:234)
	at java.base/java.util.stream.ReferencePipeline.findFirst(ReferencePipeline.java:647)
	at org.openqa.selenium.remote.ProtocolHandshake.createSession(ProtocolHandshake.java:128)
	at org.openqa.selenium.remote.ProtocolHandshake.createSession(ProtocolHandshake.java:74)
	at org.openqa.selenium.remote.HttpCommandExecutor.execute(HttpCommandExecutor.java:136)
	at org.openqa.selenium.remote.service.DriverCommandExecutor.execute(DriverCommandExecutor.java:83)
	at org.openqa.selenium.remote.RemoteWebDriver.execute(RemoteWebDriver.java:552)
	at org.openqa.selenium.remote.RemoteWebDriver.startSession(RemoteWebDriver.java:213)
	at org.openqa.selenium.remote.RemoteWebDriver.&lt;init&gt;(RemoteWebDriver.java:131)
	at org.openqa.selenium.edge.EdgeDriver.&lt;init&gt;(EdgeDriver.java:141)
	at org.openqa.selenium.edge.EdgeDriver.&lt;init&gt;(EdgeDriver.java:96)
	at TestNG_Package.TestNG_SignUpPage.launchBrowser(TestNG_SignUpPage.java:50)
	at java.base/jdk.internal.reflect.DirectMethodHandleAccessor.invoke(DirectMethodHandleAccessor.java:104)
	at java.base/java.lang.reflect.Method.invoke(Method.java:577)
	at org.testng.internal.MethodInvocationHelper.invokeMethod(MethodInvocationHelper.java:133)
	at org.testng.internal.MethodInvocationHelper.invokeMethodConsideringTimeout(MethodInvocationHelper.java:62)
	at org.testng.internal.ConfigInvoker.invokeConfigurationMethod(ConfigInvoker.java:385)
	at org.testng.internal.ConfigInvoker.invokeConfigurations(ConfigInvoker.java:321)
	at org.testng.TestRunner.invokeTestConfigurations(TestRunner.java:637)
	at org.testng.TestRunner.beforeRun(TestRunner.java:627)
	at org.testng.TestRunner.run(TestRunner.java:589)
	at org.testng.SuiteRunner.runTest(SuiteRunner.java:377)
	at org.testng.SuiteRunner.access$000(SuiteRunner.java:28)
	at org.testng.SuiteRunner$SuiteWorker.run(SuiteRunner.java:418)
	at org.testng.internal.thread.ThreadUtil.lambda$execute$0(ThreadUtil.java:64)
	at java.base/java.util.concurrent.FutureTask.run(FutureTask.java:264)
	at java.base/java.util.concurrent.ThreadPoolExecutor.runWorker(ThreadPoolExecutor.java:1136)
	at java.base/java.util.concurrent.ThreadPoolExecutor$Worker.run(ThreadPoolExecutor.java:635)
	at java.base/java.lang.Thread.run(Thread.java:833)
</pre></div></td>
<td>0</td>
<td>TestNG_Package.TestNG_SignUpPage2@62150f9e</td></tr>
<tr>
<td title='TestNG_Package.TestNGClass.testA()'><b>testA</b><br>Test class: TestNG_Package.TestNGClass</td>
<td><div><pre>org.openqa.selenium.WebDriverException: unknown error: DevToolsActivePort file doesn&apos;t exist
Build info: version: &apos;3.141.59&apos;, revision: &apos;e82be7d358&apos;, time: &apos;2018-11-14T08:17:03&apos;
System info: host: &apos;DESKTOP-REKBUQJ&apos;, ip: &apos;192.168.1.100&apos;, os.name: &apos;Windows 10&apos;, os.arch: &apos;amd64&apos;, os.version: &apos;10.0&apos;, java.version: &apos;18.0.2.1&apos;
Driver info: driver.version: EdgeDriver
remote stacktrace: Backtrace:
	Microsoft::Applications::Events::EventProperties::SetProperty [0x00007FF6593F1672+15186]
	Microsoft::Applications::Events::EventProperty::EventProperty [0x00007FF65938A1C2+827458]
	(No symbol) [0x00007FF65904ED90]
	(No symbol) [0x00007FF65907F7AA]
	(No symbol) [0x00007FF65907AD50]
	(No symbol) [0x00007FF6590760FC]
	(No symbol) [0x00007FF6590B9C56]
	(No symbol) [0x00007FF6590B1D23]
	(No symbol) [0x00007FF659083B80]
	(No symbol) [0x00007FF659082B0E]
	(No symbol) [0x00007FF659084344]
	Microsoft::Applications::Events::EventProperties::SetProperty [0x00007FF65926C3C0+182768]
	(No symbol) [0x00007FF659140095]
	Microsoft::Applications::Events::EventProperty::EventProperty [0x00007FF6592CA6FA+42362]
	Microsoft::Applications::Events::EventProperty::EventProperty [0x00007FF6592CD435+53941]
	Microsoft::Applications::Events::ILogManager::DispatchEventBroadcast [0x00007FF6595E8A63+1456595]
	Microsoft::Applications::Events::EventProperty::EventProperty [0x00007FF65939271A+861594]
	Microsoft::Applications::Events::EventProperty::EventProperty [0x00007FF659397804+882308]
	Microsoft::Applications::Events::EventProperty::EventProperty [0x00007FF65939795C+882652]
	Microsoft::Applications::Events::EventProperty::EventProperty [0x00007FF6593A092E+919470]
	BaseThreadInitThunk [0x00007FFC86337614+20]
	RtlUserThreadStart [0x00007FFC865A26A1+33]

	at org.openqa.selenium.remote.W3CHandshakeResponse.lambda$errorHandler$0(W3CHandshakeResponse.java:62)
	at org.openqa.selenium.remote.HandshakeResponse.lambda$getResponseFunction$0(HandshakeResponse.java:30)
	at org.openqa.selenium.remote.ProtocolHandshake.lambda$createSession$0(ProtocolHandshake.java:126)
	at java.base/java.util.stream.ReferencePipeline$3$1.accept(ReferencePipeline.java:197)
	at java.base/java.util.Spliterators$ArraySpliterator.tryAdvance(Spliterators.java:1002)
	at java.base/java.util.stream.ReferencePipeline.forEachWithCancel(ReferencePipeline.java:129)
	at java.base/java.util.stream.AbstractPipeline.copyIntoWithCancel(AbstractPipeline.java:527)
	at java.base/java.util.stream.AbstractPipeline.copyInto(AbstractPipeline.java:513)
	at java.base/java.util.stream.AbstractPipeline.wrapAndCopyInto(AbstractPipeline.java:499)
	at java.base/java.util.stream.FindOps$FindOp.evaluateSequential(FindOps.java:150)
	at java.base/java.util.stream.AbstractPipeline.evaluate(AbstractPipeline.java:234)
	at java.base/java.util.stream.ReferencePipeline.findFirst(ReferencePipeline.java:647)
	at org.openqa.selenium.remote.ProtocolHandshake.createSession(ProtocolHandshake.java:128)
	at org.openqa.selenium.remote.ProtocolHandshake.createSession(ProtocolHandshake.java:74)
	at org.openqa.selenium.remote.HttpCommandExecutor.execute(HttpCommandExecutor.java:136)
	at org.openqa.selenium.remote.service.DriverCommandExecutor.execute(DriverCommandExecutor.java:83)
	at org.openqa.selenium.remote.RemoteWebDriver.execute(RemoteWebDriver.java:552)
	at org.openqa.selenium.remote.RemoteWebDriver.startSession(RemoteWebDriver.java:213)
	at org.openqa.selenium.remote.RemoteWebDriver.&lt;init&gt;(RemoteWebDriver.java:131)
	at org.openqa.selenium.edge.EdgeDriver.&lt;init&gt;(EdgeDriver.java:141)
	at org.openqa.selenium.edge.EdgeDriver.&lt;init&gt;(EdgeDriver.java:96)
	at TestNG_Package.TestNG_SignUpPage.launchBrowser(TestNG_SignUpPage.java:50)
	at java.base/java.util.concurrent.FutureTask.run(FutureTask.java:264)
	at java.base/java.util.concurrent.ThreadPoolExecutor.runWorker(ThreadPoolExecutor.java:1136)
	at java.base/java.util.concurrent.ThreadPoolExecutor$Worker.run(ThreadPoolExecutor.java:635)
	at java.base/java.lang.Thread.run(Thread.java:833)
... Removed 16 stack frames</pre></div><a href='#' onClick='toggleBox("stack-trace10506922", this, "Click to show all stack frames", "Click to hide stack frames")'>Click to show all stack frames</a>
<div class='stack-trace' id='stack-trace10506922'><pre>org.openqa.selenium.WebDriverException: unknown error: DevToolsActivePort file doesn&apos;t exist
Build info: version: &apos;3.141.59&apos;, revision: &apos;e82be7d358&apos;, time: &apos;2018-11-14T08:17:03&apos;
System info: host: &apos;DESKTOP-REKBUQJ&apos;, ip: &apos;192.168.1.100&apos;, os.name: &apos;Windows 10&apos;, os.arch: &apos;amd64&apos;, os.version: &apos;10.0&apos;, java.version: &apos;18.0.2.1&apos;
Driver info: driver.version: EdgeDriver
remote stacktrace: Backtrace:
	Microsoft::Applications::Events::EventProperties::SetProperty [0x00007FF6593F1672+15186]
	Microsoft::Applications::Events::EventProperty::EventProperty [0x00007FF65938A1C2+827458]
	(No symbol) [0x00007FF65904ED90]
	(No symbol) [0x00007FF65907F7AA]
	(No symbol) [0x00007FF65907AD50]
	(No symbol) [0x00007FF6590760FC]
	(No symbol) [0x00007FF6590B9C56]
	(No symbol) [0x00007FF6590B1D23]
	(No symbol) [0x00007FF659083B80]
	(No symbol) [0x00007FF659082B0E]
	(No symbol) [0x00007FF659084344]
	Microsoft::Applications::Events::EventProperties::SetProperty [0x00007FF65926C3C0+182768]
	(No symbol) [0x00007FF659140095]
	Microsoft::Applications::Events::EventProperty::EventProperty [0x00007FF6592CA6FA+42362]
	Microsoft::Applications::Events::EventProperty::EventProperty [0x00007FF6592CD435+53941]
	Microsoft::Applications::Events::ILogManager::DispatchEventBroadcast [0x00007FF6595E8A63+1456595]
	Microsoft::Applications::Events::EventProperty::EventProperty [0x00007FF65939271A+861594]
	Microsoft::Applications::Events::EventProperty::EventProperty [0x00007FF659397804+882308]
	Microsoft::Applications::Events::EventProperty::EventProperty [0x00007FF65939795C+882652]
	Microsoft::Applications::Events::EventProperty::EventProperty [0x00007FF6593A092E+919470]
	BaseThreadInitThunk [0x00007FFC86337614+20]
	RtlUserThreadStart [0x00007FFC865A26A1+33]

	at java.base/jdk.internal.reflect.DirectConstructorHandleAccessor.newInstance(DirectConstructorHandleAccessor.java:67)
	at java.base/java.lang.reflect.Constructor.newInstanceWithCaller(Constructor.java:499)
	at java.base/java.lang.reflect.Constructor.newInstance(Constructor.java:483)
	at org.openqa.selenium.remote.W3CHandshakeResponse.lambda$errorHandler$0(W3CHandshakeResponse.java:62)
	at org.openqa.selenium.remote.HandshakeResponse.lambda$getResponseFunction$0(HandshakeResponse.java:30)
	at org.openqa.selenium.remote.ProtocolHandshake.lambda$createSession$0(ProtocolHandshake.java:126)
	at java.base/java.util.stream.ReferencePipeline$3$1.accept(ReferencePipeline.java:197)
	at java.base/java.util.Spliterators$ArraySpliterator.tryAdvance(Spliterators.java:1002)
	at java.base/java.util.stream.ReferencePipeline.forEachWithCancel(ReferencePipeline.java:129)
	at java.base/java.util.stream.AbstractPipeline.copyIntoWithCancel(AbstractPipeline.java:527)
	at java.base/java.util.stream.AbstractPipeline.copyInto(AbstractPipeline.java:513)
	at java.base/java.util.stream.AbstractPipeline.wrapAndCopyInto(AbstractPipeline.java:499)
	at java.base/java.util.stream.FindOps$FindOp.evaluateSequential(FindOps.java:150)
	at java.base/java.util.stream.AbstractPipeline.evaluate(AbstractPipeline.java:234)
	at java.base/java.util.stream.ReferencePipeline.findFirst(ReferencePipeline.java:647)
	at org.openqa.selenium.remote.ProtocolHandshake.createSession(ProtocolHandshake.java:128)
	at org.openqa.selenium.remote.ProtocolHandshake.createSession(ProtocolHandshake.java:74)
	at org.openqa.selenium.remote.HttpCommandExecutor.execute(HttpCommandExecutor.java:136)
	at org.openqa.selenium.remote.service.DriverCommandExecutor.execute(DriverCommandExecutor.java:83)
	at org.openqa.selenium.remote.RemoteWebDriver.execute(RemoteWebDriver.java:552)
	at org.openqa.selenium.remote.RemoteWebDriver.startSession(RemoteWebDriver.java:213)
	at org.openqa.selenium.remote.RemoteWebDriver.&lt;init&gt;(RemoteWebDriver.java:131)
	at org.openqa.selenium.edge.EdgeDriver.&lt;init&gt;(EdgeDriver.java:141)
	at org.openqa.selenium.edge.EdgeDriver.&lt;init&gt;(EdgeDriver.java:96)
	at TestNG_Package.TestNG_SignUpPage.launchBrowser(TestNG_SignUpPage.java:50)
	at java.base/jdk.internal.reflect.DirectMethodHandleAccessor.invoke(DirectMethodHandleAccessor.java:104)
	at java.base/java.lang.reflect.Method.invoke(Method.java:577)
	at org.testng.internal.MethodInvocationHelper.invokeMethod(MethodInvocationHelper.java:133)
	at org.testng.internal.MethodInvocationHelper.invokeMethodConsideringTimeout(MethodInvocationHelper.java:62)
	at org.testng.internal.ConfigInvoker.invokeConfigurationMethod(ConfigInvoker.java:385)
	at org.testng.internal.ConfigInvoker.invokeConfigurations(ConfigInvoker.java:321)
	at org.testng.TestRunner.invokeTestConfigurations(TestRunner.java:637)
	at org.testng.TestRunner.beforeRun(TestRunner.java:627)
	at org.testng.TestRunner.run(TestRunner.java:589)
	at org.testng.SuiteRunner.runTest(SuiteRunner.java:377)
	at org.testng.SuiteRunner.access$000(SuiteRunner.java:28)
	at org.testng.SuiteRunner$SuiteWorker.run(SuiteRunner.java:418)
	at org.testng.internal.thread.ThreadUtil.lambda$execute$0(ThreadUtil.java:64)
	at java.base/java.util.concurrent.FutureTask.run(FutureTask.java:264)
	at java.base/java.util.concurrent.ThreadPoolExecutor.runWorker(ThreadPoolExecutor.java:1136)
	at java.base/java.util.concurrent.ThreadPoolExecutor$Worker.run(ThreadPoolExecutor.java:635)
	at java.base/java.lang.Thread.run(Thread.java:833)
</pre></div></td>
<td>0</td>
<td>TestNG_Package.TestNGClass@1a451d4d</td></tr>
<tr>
<td title='TestNG_Package.TestNGClass.testD()'><b>testD</b><br>Test class: TestNG_Package.TestNGClass</td>
<td><div><pre>org.openqa.selenium.WebDriverException: unknown error: DevToolsActivePort file doesn&apos;t exist
Build info: version: &apos;3.141.59&apos;, revision: &apos;e82be7d358&apos;, time: &apos;2018-11-14T08:17:03&apos;
System info: host: &apos;DESKTOP-REKBUQJ&apos;, ip: &apos;192.168.1.100&apos;, os.name: &apos;Windows 10&apos;, os.arch: &apos;amd64&apos;, os.version: &apos;10.0&apos;, java.version: &apos;18.0.2.1&apos;
Driver info: driver.version: EdgeDriver
remote stacktrace: Backtrace:
	Microsoft::Applications::Events::EventProperties::SetProperty [0x00007FF6593F1672+15186]
	Microsoft::Applications::Events::EventProperty::EventProperty [0x00007FF65938A1C2+827458]
	(No symbol) [0x00007FF65904ED90]
	(No symbol) [0x00007FF65907F7AA]
	(No symbol) [0x00007FF65907AD50]
	(No symbol) [0x00007FF6590760FC]
	(No symbol) [0x00007FF6590B9C56]
	(No symbol) [0x00007FF6590B1D23]
	(No symbol) [0x00007FF659083B80]
	(No symbol) [0x00007FF659082B0E]
	(No symbol) [0x00007FF659084344]
	Microsoft::Applications::Events::EventProperties::SetProperty [0x00007FF65926C3C0+182768]
	(No symbol) [0x00007FF659140095]
	Microsoft::Applications::Events::EventProperty::EventProperty [0x00007FF6592CA6FA+42362]
	Microsoft::Applications::Events::EventProperty::EventProperty [0x00007FF6592CD435+53941]
	Microsoft::Applications::Events::ILogManager::DispatchEventBroadcast [0x00007FF6595E8A63+1456595]
	Microsoft::Applications::Events::EventProperty::EventProperty [0x00007FF65939271A+861594]
	Microsoft::Applications::Events::EventProperty::EventProperty [0x00007FF659397804+882308]
	Microsoft::Applications::Events::EventProperty::EventProperty [0x00007FF65939795C+882652]
	Microsoft::Applications::Events::EventProperty::EventProperty [0x00007FF6593A092E+919470]
	BaseThreadInitThunk [0x00007FFC86337614+20]
	RtlUserThreadStart [0x00007FFC865A26A1+33]

	at org.openqa.selenium.remote.W3CHandshakeResponse.lambda$errorHandler$0(W3CHandshakeResponse.java:62)
	at org.openqa.selenium.remote.HandshakeResponse.lambda$getResponseFunction$0(HandshakeResponse.java:30)
	at org.openqa.selenium.remote.ProtocolHandshake.lambda$createSession$0(ProtocolHandshake.java:126)
	at java.base/java.util.stream.ReferencePipeline$3$1.accept(ReferencePipeline.java:197)
	at java.base/java.util.Spliterators$ArraySpliterator.tryAdvance(Spliterators.java:1002)
	at java.base/java.util.stream.ReferencePipeline.forEachWithCancel(ReferencePipeline.java:129)
	at java.base/java.util.stream.AbstractPipeline.copyIntoWithCancel(AbstractPipeline.java:527)
	at java.base/java.util.stream.AbstractPipeline.copyInto(AbstractPipeline.java:513)
	at java.base/java.util.stream.AbstractPipeline.wrapAndCopyInto(AbstractPipeline.java:499)
	at java.base/java.util.stream.FindOps$FindOp.evaluateSequential(FindOps.java:150)
	at java.base/java.util.stream.AbstractPipeline.evaluate(AbstractPipeline.java:234)
	at java.base/java.util.stream.ReferencePipeline.findFirst(ReferencePipeline.java:647)
	at org.openqa.selenium.remote.ProtocolHandshake.createSession(ProtocolHandshake.java:128)
	at org.openqa.selenium.remote.ProtocolHandshake.createSession(ProtocolHandshake.java:74)
	at org.openqa.selenium.remote.HttpCommandExecutor.execute(HttpCommandExecutor.java:136)
	at org.openqa.selenium.remote.service.DriverCommandExecutor.execute(DriverCommandExecutor.java:83)
	at org.openqa.selenium.remote.RemoteWebDriver.execute(RemoteWebDriver.java:552)
	at org.openqa.selenium.remote.RemoteWebDriver.startSession(RemoteWebDriver.java:213)
	at org.openqa.selenium.remote.RemoteWebDriver.&lt;init&gt;(RemoteWebDriver.java:131)
	at org.openqa.selenium.edge.EdgeDriver.&lt;init&gt;(EdgeDriver.java:141)
	at org.openqa.selenium.edge.EdgeDriver.&lt;init&gt;(EdgeDriver.java:96)
	at TestNG_Package.TestNG_SignUpPage.launchBrowser(TestNG_SignUpPage.java:50)
	at java.base/java.util.concurrent.FutureTask.run(FutureTask.java:264)
	at java.base/java.util.concurrent.ThreadPoolExecutor.runWorker(ThreadPoolExecutor.java:1136)
	at java.base/java.util.concurrent.ThreadPoolExecutor$Worker.run(ThreadPoolExecutor.java:635)
	at java.base/java.lang.Thread.run(Thread.java:833)
... Removed 16 stack frames</pre></div><a href='#' onClick='toggleBox("stack-trace1661423112", this, "Click to show all stack frames", "Click to hide stack frames")'>Click to show all stack frames</a>
<div class='stack-trace' id='stack-trace1661423112'><pre>org.openqa.selenium.WebDriverException: unknown error: DevToolsActivePort file doesn&apos;t exist
Build info: version: &apos;3.141.59&apos;, revision: &apos;e82be7d358&apos;, time: &apos;2018-11-14T08:17:03&apos;
System info: host: &apos;DESKTOP-REKBUQJ&apos;, ip: &apos;192.168.1.100&apos;, os.name: &apos;Windows 10&apos;, os.arch: &apos;amd64&apos;, os.version: &apos;10.0&apos;, java.version: &apos;18.0.2.1&apos;
Driver info: driver.version: EdgeDriver
remote stacktrace: Backtrace:
	Microsoft::Applications::Events::EventProperties::SetProperty [0x00007FF6593F1672+15186]
	Microsoft::Applications::Events::EventProperty::EventProperty [0x00007FF65938A1C2+827458]
	(No symbol) [0x00007FF65904ED90]
	(No symbol) [0x00007FF65907F7AA]
	(No symbol) [0x00007FF65907AD50]
	(No symbol) [0x00007FF6590760FC]
	(No symbol) [0x00007FF6590B9C56]
	(No symbol) [0x00007FF6590B1D23]
	(No symbol) [0x00007FF659083B80]
	(No symbol) [0x00007FF659082B0E]
	(No symbol) [0x00007FF659084344]
	Microsoft::Applications::Events::EventProperties::SetProperty [0x00007FF65926C3C0+182768]
	(No symbol) [0x00007FF659140095]
	Microsoft::Applications::Events::EventProperty::EventProperty [0x00007FF6592CA6FA+42362]
	Microsoft::Applications::Events::EventProperty::EventProperty [0x00007FF6592CD435+53941]
	Microsoft::Applications::Events::ILogManager::DispatchEventBroadcast [0x00007FF6595E8A63+1456595]
	Microsoft::Applications::Events::EventProperty::EventProperty [0x00007FF65939271A+861594]
	Microsoft::Applications::Events::EventProperty::EventProperty [0x00007FF659397804+882308]
	Microsoft::Applications::Events::EventProperty::EventProperty [0x00007FF65939795C+882652]
	Microsoft::Applications::Events::EventProperty::EventProperty [0x00007FF6593A092E+919470]
	BaseThreadInitThunk [0x00007FFC86337614+20]
	RtlUserThreadStart [0x00007FFC865A26A1+33]

	at java.base/jdk.internal.reflect.DirectConstructorHandleAccessor.newInstance(DirectConstructorHandleAccessor.java:67)
	at java.base/java.lang.reflect.Constructor.newInstanceWithCaller(Constructor.java:499)
	at java.base/java.lang.reflect.Constructor.newInstance(Constructor.java:483)
	at org.openqa.selenium.remote.W3CHandshakeResponse.lambda$errorHandler$0(W3CHandshakeResponse.java:62)
	at org.openqa.selenium.remote.HandshakeResponse.lambda$getResponseFunction$0(HandshakeResponse.java:30)
	at org.openqa.selenium.remote.ProtocolHandshake.lambda$createSession$0(ProtocolHandshake.java:126)
	at java.base/java.util.stream.ReferencePipeline$3$1.accept(ReferencePipeline.java:197)
	at java.base/java.util.Spliterators$ArraySpliterator.tryAdvance(Spliterators.java:1002)
	at java.base/java.util.stream.ReferencePipeline.forEachWithCancel(ReferencePipeline.java:129)
	at java.base/java.util.stream.AbstractPipeline.copyIntoWithCancel(AbstractPipeline.java:527)
	at java.base/java.util.stream.AbstractPipeline.copyInto(AbstractPipeline.java:513)
	at java.base/java.util.stream.AbstractPipeline.wrapAndCopyInto(AbstractPipeline.java:499)
	at java.base/java.util.stream.FindOps$FindOp.evaluateSequential(FindOps.java:150)
	at java.base/java.util.stream.AbstractPipeline.evaluate(AbstractPipeline.java:234)
	at java.base/java.util.stream.ReferencePipeline.findFirst(ReferencePipeline.java:647)
	at org.openqa.selenium.remote.ProtocolHandshake.createSession(ProtocolHandshake.java:128)
	at org.openqa.selenium.remote.ProtocolHandshake.createSession(ProtocolHandshake.java:74)
	at org.openqa.selenium.remote.HttpCommandExecutor.execute(HttpCommandExecutor.java:136)
	at org.openqa.selenium.remote.service.DriverCommandExecutor.execute(DriverCommandExecutor.java:83)
	at org.openqa.selenium.remote.RemoteWebDriver.execute(RemoteWebDriver.java:552)
	at org.openqa.selenium.remote.RemoteWebDriver.startSession(RemoteWebDriver.java:213)
	at org.openqa.selenium.remote.RemoteWebDriver.&lt;init&gt;(RemoteWebDriver.java:131)
	at org.openqa.selenium.edge.EdgeDriver.&lt;init&gt;(EdgeDriver.java:141)
	at org.openqa.selenium.edge.EdgeDriver.&lt;init&gt;(EdgeDriver.java:96)
	at TestNG_Package.TestNG_SignUpPage.launchBrowser(TestNG_SignUpPage.java:50)
	at java.base/jdk.internal.reflect.DirectMethodHandleAccessor.invoke(DirectMethodHandleAccessor.java:104)
	at java.base/java.lang.reflect.Method.invoke(Method.java:577)
	at org.testng.internal.MethodInvocationHelper.invokeMethod(MethodInvocationHelper.java:133)
	at org.testng.internal.MethodInvocationHelper.invokeMethodConsideringTimeout(MethodInvocationHelper.java:62)
	at org.testng.internal.ConfigInvoker.invokeConfigurationMethod(ConfigInvoker.java:385)
	at org.testng.internal.ConfigInvoker.invokeConfigurations(ConfigInvoker.java:321)
	at org.testng.TestRunner.invokeTestConfigurations(TestRunner.java:637)
	at org.testng.TestRunner.beforeRun(TestRunner.java:627)
	at org.testng.TestRunner.run(TestRunner.java:589)
	at org.testng.SuiteRunner.runTest(SuiteRunner.java:377)
	at org.testng.SuiteRunner.access$000(SuiteRunner.java:28)
	at org.testng.SuiteRunner$SuiteWorker.run(SuiteRunner.java:418)
	at org.testng.internal.thread.ThreadUtil.lambda$execute$0(ThreadUtil.java:64)
	at java.base/java.util.concurrent.FutureTask.run(FutureTask.java:264)
	at java.base/java.util.concurrent.ThreadPoolExecutor.runWorker(ThreadPoolExecutor.java:1136)
	at java.base/java.util.concurrent.ThreadPoolExecutor$Worker.run(ThreadPoolExecutor.java:635)
	at java.base/java.lang.Thread.run(Thread.java:833)
</pre></div></td>
<td>0</td>
<td>TestNG_Package.TestNGClass@1a451d4d</td></tr>
<tr>
<td title='TestNG_Package.TestNGClass.testB()'><b>testB</b><br>Test class: TestNG_Package.TestNGClass</td>
<td><div><pre>org.openqa.selenium.WebDriverException: unknown error: DevToolsActivePort file doesn&apos;t exist
Build info: version: &apos;3.141.59&apos;, revision: &apos;e82be7d358&apos;, time: &apos;2018-11-14T08:17:03&apos;
System info: host: &apos;DESKTOP-REKBUQJ&apos;, ip: &apos;192.168.1.100&apos;, os.name: &apos;Windows 10&apos;, os.arch: &apos;amd64&apos;, os.version: &apos;10.0&apos;, java.version: &apos;18.0.2.1&apos;
Driver info: driver.version: EdgeDriver
remote stacktrace: Backtrace:
	Microsoft::Applications::Events::EventProperties::SetProperty [0x00007FF6593F1672+15186]
	Microsoft::Applications::Events::EventProperty::EventProperty [0x00007FF65938A1C2+827458]
	(No symbol) [0x00007FF65904ED90]
	(No symbol) [0x00007FF65907F7AA]
	(No symbol) [0x00007FF65907AD50]
	(No symbol) [0x00007FF6590760FC]
	(No symbol) [0x00007FF6590B9C56]
	(No symbol) [0x00007FF6590B1D23]
	(No symbol) [0x00007FF659083B80]
	(No symbol) [0x00007FF659082B0E]
	(No symbol) [0x00007FF659084344]
	Microsoft::Applications::Events::EventProperties::SetProperty [0x00007FF65926C3C0+182768]
	(No symbol) [0x00007FF659140095]
	Microsoft::Applications::Events::EventProperty::EventProperty [0x00007FF6592CA6FA+42362]
	Microsoft::Applications::Events::EventProperty::EventProperty [0x00007FF6592CD435+53941]
	Microsoft::Applications::Events::ILogManager::DispatchEventBroadcast [0x00007FF6595E8A63+1456595]
	Microsoft::Applications::Events::EventProperty::EventProperty [0x00007FF65939271A+861594]
	Microsoft::Applications::Events::EventProperty::EventProperty [0x00007FF659397804+882308]
	Microsoft::Applications::Events::EventProperty::EventProperty [0x00007FF65939795C+882652]
	Microsoft::Applications::Events::EventProperty::EventProperty [0x00007FF6593A092E+919470]
	BaseThreadInitThunk [0x00007FFC86337614+20]
	RtlUserThreadStart [0x00007FFC865A26A1+33]

	at org.openqa.selenium.remote.W3CHandshakeResponse.lambda$errorHandler$0(W3CHandshakeResponse.java:62)
	at org.openqa.selenium.remote.HandshakeResponse.lambda$getResponseFunction$0(HandshakeResponse.java:30)
	at org.openqa.selenium.remote.ProtocolHandshake.lambda$createSession$0(ProtocolHandshake.java:126)
	at java.base/java.util.stream.ReferencePipeline$3$1.accept(ReferencePipeline.java:197)
	at java.base/java.util.Spliterators$ArraySpliterator.tryAdvance(Spliterators.java:1002)
	at java.base/java.util.stream.ReferencePipeline.forEachWithCancel(ReferencePipeline.java:129)
	at java.base/java.util.stream.AbstractPipeline.copyIntoWithCancel(AbstractPipeline.java:527)
	at java.base/java.util.stream.AbstractPipeline.copyInto(AbstractPipeline.java:513)
	at java.base/java.util.stream.AbstractPipeline.wrapAndCopyInto(AbstractPipeline.java:499)
	at java.base/java.util.stream.FindOps$FindOp.evaluateSequential(FindOps.java:150)
	at java.base/java.util.stream.AbstractPipeline.evaluate(AbstractPipeline.java:234)
	at java.base/java.util.stream.ReferencePipeline.findFirst(ReferencePipeline.java:647)
	at org.openqa.selenium.remote.ProtocolHandshake.createSession(ProtocolHandshake.java:128)
	at org.openqa.selenium.remote.ProtocolHandshake.createSession(ProtocolHandshake.java:74)
	at org.openqa.selenium.remote.HttpCommandExecutor.execute(HttpCommandExecutor.java:136)
	at org.openqa.selenium.remote.service.DriverCommandExecutor.execute(DriverCommandExecutor.java:83)
	at org.openqa.selenium.remote.RemoteWebDriver.execute(RemoteWebDriver.java:552)
	at org.openqa.selenium.remote.RemoteWebDriver.startSession(RemoteWebDriver.java:213)
	at org.openqa.selenium.remote.RemoteWebDriver.&lt;init&gt;(RemoteWebDriver.java:131)
	at org.openqa.selenium.edge.EdgeDriver.&lt;init&gt;(EdgeDriver.java:141)
	at org.openqa.selenium.edge.EdgeDriver.&lt;init&gt;(EdgeDriver.java:96)
	at TestNG_Package.TestNG_SignUpPage.launchBrowser(TestNG_SignUpPage.java:50)
	at java.base/java.util.concurrent.FutureTask.run(FutureTask.java:264)
	at java.base/java.util.concurrent.ThreadPoolExecutor.runWorker(ThreadPoolExecutor.java:1136)
	at java.base/java.util.concurrent.ThreadPoolExecutor$Worker.run(ThreadPoolExecutor.java:635)
	at java.base/java.lang.Thread.run(Thread.java:833)
... Removed 16 stack frames</pre></div><a href='#' onClick='toggleBox("stack-trace1667357406", this, "Click to show all stack frames", "Click to hide stack frames")'>Click to show all stack frames</a>
<div class='stack-trace' id='stack-trace1667357406'><pre>org.openqa.selenium.WebDriverException: unknown error: DevToolsActivePort file doesn&apos;t exist
Build info: version: &apos;3.141.59&apos;, revision: &apos;e82be7d358&apos;, time: &apos;2018-11-14T08:17:03&apos;
System info: host: &apos;DESKTOP-REKBUQJ&apos;, ip: &apos;192.168.1.100&apos;, os.name: &apos;Windows 10&apos;, os.arch: &apos;amd64&apos;, os.version: &apos;10.0&apos;, java.version: &apos;18.0.2.1&apos;
Driver info: driver.version: EdgeDriver
remote stacktrace: Backtrace:
	Microsoft::Applications::Events::EventProperties::SetProperty [0x00007FF6593F1672+15186]
	Microsoft::Applications::Events::EventProperty::EventProperty [0x00007FF65938A1C2+827458]
	(No symbol) [0x00007FF65904ED90]
	(No symbol) [0x00007FF65907F7AA]
	(No symbol) [0x00007FF65907AD50]
	(No symbol) [0x00007FF6590760FC]
	(No symbol) [0x00007FF6590B9C56]
	(No symbol) [0x00007FF6590B1D23]
	(No symbol) [0x00007FF659083B80]
	(No symbol) [0x00007FF659082B0E]
	(No symbol) [0x00007FF659084344]
	Microsoft::Applications::Events::EventProperties::SetProperty [0x00007FF65926C3C0+182768]
	(No symbol) [0x00007FF659140095]
	Microsoft::Applications::Events::EventProperty::EventProperty [0x00007FF6592CA6FA+42362]
	Microsoft::Applications::Events::EventProperty::EventProperty [0x00007FF6592CD435+53941]
	Microsoft::Applications::Events::ILogManager::DispatchEventBroadcast [0x00007FF6595E8A63+1456595]
	Microsoft::Applications::Events::EventProperty::EventProperty [0x00007FF65939271A+861594]
	Microsoft::Applications::Events::EventProperty::EventProperty [0x00007FF659397804+882308]
	Microsoft::Applications::Events::EventProperty::EventProperty [0x00007FF65939795C+882652]
	Microsoft::Applications::Events::EventProperty::EventProperty [0x00007FF6593A092E+919470]
	BaseThreadInitThunk [0x00007FFC86337614+20]
	RtlUserThreadStart [0x00007FFC865A26A1+33]

	at java.base/jdk.internal.reflect.DirectConstructorHandleAccessor.newInstance(DirectConstructorHandleAccessor.java:67)
	at java.base/java.lang.reflect.Constructor.newInstanceWithCaller(Constructor.java:499)
	at java.base/java.lang.reflect.Constructor.newInstance(Constructor.java:483)
	at org.openqa.selenium.remote.W3CHandshakeResponse.lambda$errorHandler$0(W3CHandshakeResponse.java:62)
	at org.openqa.selenium.remote.HandshakeResponse.lambda$getResponseFunction$0(HandshakeResponse.java:30)
	at org.openqa.selenium.remote.ProtocolHandshake.lambda$createSession$0(ProtocolHandshake.java:126)
	at java.base/java.util.stream.ReferencePipeline$3$1.accept(ReferencePipeline.java:197)
	at java.base/java.util.Spliterators$ArraySpliterator.tryAdvance(Spliterators.java:1002)
	at java.base/java.util.stream.ReferencePipeline.forEachWithCancel(ReferencePipeline.java:129)
	at java.base/java.util.stream.AbstractPipeline.copyIntoWithCancel(AbstractPipeline.java:527)
	at java.base/java.util.stream.AbstractPipeline.copyInto(AbstractPipeline.java:513)
	at java.base/java.util.stream.AbstractPipeline.wrapAndCopyInto(AbstractPipeline.java:499)
	at java.base/java.util.stream.FindOps$FindOp.evaluateSequential(FindOps.java:150)
	at java.base/java.util.stream.AbstractPipeline.evaluate(AbstractPipeline.java:234)
	at java.base/java.util.stream.ReferencePipeline.findFirst(ReferencePipeline.java:647)
	at org.openqa.selenium.remote.ProtocolHandshake.createSession(ProtocolHandshake.java:128)
	at org.openqa.selenium.remote.ProtocolHandshake.createSession(ProtocolHandshake.java:74)
	at org.openqa.selenium.remote.HttpCommandExecutor.execute(HttpCommandExecutor.java:136)
	at org.openqa.selenium.remote.service.DriverCommandExecutor.execute(DriverCommandExecutor.java:83)
	at org.openqa.selenium.remote.RemoteWebDriver.execute(RemoteWebDriver.java:552)
	at org.openqa.selenium.remote.RemoteWebDriver.startSession(RemoteWebDriver.java:213)
	at org.openqa.selenium.remote.RemoteWebDriver.&lt;init&gt;(RemoteWebDriver.java:131)
	at org.openqa.selenium.edge.EdgeDriver.&lt;init&gt;(EdgeDriver.java:141)
	at org.openqa.selenium.edge.EdgeDriver.&lt;init&gt;(EdgeDriver.java:96)
	at TestNG_Package.TestNG_SignUpPage.launchBrowser(TestNG_SignUpPage.java:50)
	at java.base/jdk.internal.reflect.DirectMethodHandleAccessor.invoke(DirectMethodHandleAccessor.java:104)
	at java.base/java.lang.reflect.Method.invoke(Method.java:577)
	at org.testng.internal.MethodInvocationHelper.invokeMethod(MethodInvocationHelper.java:133)
	at org.testng.internal.MethodInvocationHelper.invokeMethodConsideringTimeout(MethodInvocationHelper.java:62)
	at org.testng.internal.ConfigInvoker.invokeConfigurationMethod(ConfigInvoker.java:385)
	at org.testng.internal.ConfigInvoker.invokeConfigurations(ConfigInvoker.java:321)
	at org.testng.TestRunner.invokeTestConfigurations(TestRunner.java:637)
	at org.testng.TestRunner.beforeRun(TestRunner.java:627)
	at org.testng.TestRunner.run(TestRunner.java:589)
	at org.testng.SuiteRunner.runTest(SuiteRunner.java:377)
	at org.testng.SuiteRunner.access$000(SuiteRunner.java:28)
	at org.testng.SuiteRunner$SuiteWorker.run(SuiteRunner.java:418)
	at org.testng.internal.thread.ThreadUtil.lambda$execute$0(ThreadUtil.java:64)
	at java.base/java.util.concurrent.FutureTask.run(FutureTask.java:264)
	at java.base/java.util.concurrent.ThreadPoolExecutor.runWorker(ThreadPoolExecutor.java:1136)
	at java.base/java.util.concurrent.ThreadPoolExecutor$Worker.run(ThreadPoolExecutor.java:635)
	at java.base/java.lang.Thread.run(Thread.java:833)
</pre></div></td>
<td>0</td>
<td>TestNG_Package.TestNGClass@1a451d4d</td></tr>
</table><p>
</body>
</html>