<?xml version="1.0" encoding="UTF-8"?>
<testng-results ignored="0" total="3" passed="2" failed="1" skipped="0">
  <reporter-output>
  </reporter-output>
  <suite started-at="2023-02-23T17:41:12 IST" name="Sanity" finished-at="2023-02-23T17:44:23 IST" duration-ms="191087">
    <groups>
    </groups>
    <test started-at="2023-02-23T17:41:12 IST" name="Test" finished-at="2023-02-23T17:44:23 IST" duration-ms="191087">
      <class name="TestNG_Package.TestNG_Screenshot">
        <test-method is-config="true" signature="beforeClass()[pri:0, instance:TestNG_Package.TestNG_Screenshot@21de60b4]" started-at="2023-02-23T17:41:12 IST" name="beforeClass" finished-at="2023-02-23T17:41:12 IST" duration-ms="173" status="PASS">
          <reporter-output>
          </reporter-output>
        </test-method> <!-- beforeClass -->
        <test-method is-config="true" signature="beforeMethod()[pri:0, instance:TestNG_Package.TestNG_Screenshot@21de60b4]" started-at="2023-02-23T17:41:12 IST" name="beforeMethod" finished-at="2023-02-23T17:42:23 IST" duration-ms="70727" status="PASS">
          <reporter-output>
          </reporter-output>
        </test-method> <!-- beforeMethod -->
        <test-method signature="testA()[pri:0, instance:TestNG_Package.TestNG_Screenshot@21de60b4]" started-at="2023-02-23T17:42:23 IST" name="testA" finished-at="2023-02-23T17:42:23 IST" duration-ms="42" status="PASS">
          <reporter-output>
          </reporter-output>
        </test-method> <!-- testA -->
        <test-method is-config="true" signature="afterMethod(org.testng.ITestResult)[pri:0, instance:TestNG_Package.TestNG_Screenshot@21de60b4]" started-at="2023-02-23T17:42:23 IST" name="afterMethod" finished-at="2023-02-23T17:42:23 IST" duration-ms="86" status="PASS">
          <params>
            <param index="0">
              <value>
                <![CDATA[[TestResult name=testA status=SUCCESS method=TestNG_Screenshot.testA()[pri:0, instance:TestNG_Package.TestNG_Screenshot@21de60b4] output={null}]]]>
              </value>
            </param>
          </params>
          <reporter-output>
          </reporter-output>
        </test-method> <!-- afterMethod -->
        <test-method is-config="true" signature="beforeMethod()[pri:0, instance:TestNG_Package.TestNG_Screenshot@21de60b4]" started-at="2023-02-23T17:42:23 IST" name="beforeMethod" finished-at="2023-02-23T17:43:30 IST" duration-ms="66580" status="PASS">
          <reporter-output>
          </reporter-output>
        </test-method> <!-- beforeMethod -->
        <test-method signature="testB()[pri:0, instance:TestNG_Package.TestNG_Screenshot@21de60b4]" started-at="2023-02-23T17:43:30 IST" name="testB" finished-at="2023-02-23T17:43:30 IST" duration-ms="13" status="PASS">
          <reporter-output>
          </reporter-output>
        </test-method> <!-- testB -->
        <test-method is-config="true" signature="afterMethod(org.testng.ITestResult)[pri:0, instance:TestNG_Package.TestNG_Screenshot@21de60b4]" started-at="2023-02-23T17:43:30 IST" name="afterMethod" finished-at="2023-02-23T17:43:30 IST" duration-ms="1" status="PASS">
          <params>
            <param index="0">
              <value>
                <![CDATA[[TestResult name=testB status=SUCCESS method=TestNG_Screenshot.testB()[pri:0, instance:TestNG_Package.TestNG_Screenshot@21de60b4] output={null}]]]>
              </value>
            </param>
          </params>
          <reporter-output>
          </reporter-output>
        </test-method> <!-- afterMethod -->
        <test-method is-config="true" signature="beforeMethod()[pri:0, instance:TestNG_Package.TestNG_Screenshot@21de60b4]" started-at="2023-02-23T17:43:30 IST" name="beforeMethod" finished-at="2023-02-23T17:44:21 IST" duration-ms="50839" status="PASS">
          <reporter-output>
          </reporter-output>
        </test-method> <!-- beforeMethod -->
        <test-method signature="testC()[pri:0, instance:TestNG_Package.TestNG_Screenshot@21de60b4]" started-at="2023-02-23T17:44:21 IST" name="testC" finished-at="2023-02-23T17:44:21 IST" duration-ms="647" status="FAIL">
          <exception class="java.io.IOException">
            <message>
              <![CDATA[While trying to invoke 'createWorkbook' on factory org.apache.poi.xssf.usermodel.XSSFWorkbookFactory and arguments [java.io.BufferedInputStream@5ab14cb9]]]>
            </message>
            <full-stacktrace>
              <![CDATA[java.io.IOException: While trying to invoke 'createWorkbook' on factory org.apache.poi.xssf.usermodel.XSSFWorkbookFactory and arguments [java.io.BufferedInputStream@5ab14cb9]
at org.apache.poi.ss.usermodel.WorkbookFactory.createWorkbook(WorkbookFactory.java:357)
at org.apache.poi.ss.usermodel.WorkbookFactory.createXSSFWorkbook(WorkbookFactory.java:316)
at org.apache.poi.ss.usermodel.WorkbookFactory.create(WorkbookFactory.java:234)
at org.apache.poi.ss.usermodel.WorkbookFactory.create(WorkbookFactory.java:200)
at Utils.Utility.getDataFromExcelSheet(Utility.java:45)
at TestNG_Package.TestNG_Screenshot.testC(TestNG_Screenshot.java:66)
at java.base/jdk.internal.reflect.DirectMethodHandleAccessor.invoke(DirectMethodHandleAccessor.java:104)
at java.base/java.lang.reflect.Method.invoke(Method.java:577)
at org.testng.internal.MethodInvocationHelper.invokeMethod(MethodInvocationHelper.java:133)
at org.testng.internal.TestInvoker.invokeMethod(TestInvoker.java:598)
at org.testng.internal.TestInvoker.invokeTestMethod(TestInvoker.java:173)
at org.testng.internal.MethodRunner.runInSequence(MethodRunner.java:46)
at org.testng.internal.TestInvoker$MethodInvocationAgent.invoke(TestInvoker.java:824)
at org.testng.internal.TestInvoker.invokeTestMethods(TestInvoker.java:146)
at org.testng.internal.TestMethodWorker.invokeTestMethods(TestMethodWorker.java:146)
at org.testng.internal.TestMethodWorker.run(TestMethodWorker.java:128)
at java.base/java.util.ArrayList.forEach(ArrayList.java:1511)
at org.testng.TestRunner.privateRun(TestRunner.java:794)
at org.testng.TestRunner.run(TestRunner.java:596)
at org.testng.SuiteRunner.runTest(SuiteRunner.java:377)
at org.testng.SuiteRunner.runSequentially(SuiteRunner.java:371)
at org.testng.SuiteRunner.privateRun(SuiteRunner.java:332)
at org.testng.SuiteRunner.run(SuiteRunner.java:276)
at org.testng.SuiteRunnerWorker.runSuite(SuiteRunnerWorker.java:53)
at org.testng.SuiteRunnerWorker.run(SuiteRunnerWorker.java:96)
at org.testng.TestNG.runSuitesSequentially(TestNG.java:1212)
at org.testng.TestNG.runSuitesLocally(TestNG.java:1134)
at org.testng.TestNG.runSuites(TestNG.java:1063)
at org.testng.TestNG.run(TestNG.java:1031)
at org.testng.remote.AbstractRemoteTestNG.run(AbstractRemoteTestNG.java:115)
at org.testng.remote.RemoteTestNG.initAndRun(RemoteTestNG.java:251)
at org.testng.remote.RemoteTestNG.main(RemoteTestNG.java:77)
Caused by: java.lang.ClassNotFoundException: org.apache.poi.xssf.usermodel.XSSFWorkbookFactory
at java.base/jdk.internal.loader.BuiltinClassLoader.loadClass(BuiltinClassLoader.java:641)
at java.base/jdk.internal.loader.ClassLoaders$AppClassLoader.loadClass(ClassLoaders.java:188)
at java.base/java.lang.ClassLoader.loadClass(ClassLoader.java:521)
at org.apache.poi.ss.usermodel.WorkbookFactory.createWorkbook(WorkbookFactory.java:326)
... 31 more
]]>
            </full-stacktrace>
          </exception> <!-- java.io.IOException -->
          <reporter-output>
          </reporter-output>
        </test-method> <!-- testC -->
        <test-method is-config="true" signature="afterMethod(org.testng.ITestResult)[pri:0, instance:TestNG_Package.TestNG_Screenshot@21de60b4]" started-at="2023-02-23T17:44:21 IST" name="afterMethod" finished-at="2023-02-23T17:44:23 IST" duration-ms="1256" status="FAIL">
          <params>
            <param index="0">
              <value>
                <![CDATA[[TestResult name=testC status=FAILURE method=TestNG_Screenshot.testC()[pri:0, instance:TestNG_Package.TestNG_Screenshot@21de60b4] output={null}]]]>
              </value>
            </param>
          </params>
          <exception class="java.lang.NullPointerException">
            <message>
              <![CDATA[Cannot invoke "org.openqa.selenium.TakesScreenshot.getScreenshotAs(org.openqa.selenium.OutputType)" because "scrShot" is null]]>
            </message>
            <full-stacktrace>
              <![CDATA[java.lang.NullPointerException: Cannot invoke "org.openqa.selenium.TakesScreenshot.getScreenshotAs(org.openqa.selenium.OutputType)" because "scrShot" is null
at Utils.Utility.captureScreenshot(Utility.java:30)
at TestNG_Package.TestNG_Screenshot.afterMethod(TestNG_Screenshot.java:80)
at java.base/jdk.internal.reflect.DirectMethodHandleAccessor.invoke(DirectMethodHandleAccessor.java:104)
at java.base/java.lang.reflect.Method.invoke(Method.java:577)
at org.testng.internal.MethodInvocationHelper.invokeMethod(MethodInvocationHelper.java:133)
at org.testng.internal.MethodInvocationHelper.invokeMethodConsideringTimeout(MethodInvocationHelper.java:62)
at org.testng.internal.ConfigInvoker.invokeConfigurationMethod(ConfigInvoker.java:385)
at org.testng.internal.ConfigInvoker.invokeConfigurations(ConfigInvoker.java:321)
at org.testng.internal.TestInvoker.runConfigMethods(TestInvoker.java:700)
at org.testng.internal.TestInvoker.runAfterGroupsConfigurations(TestInvoker.java:676)
at org.testng.internal.TestInvoker.invokeMethod(TestInvoker.java:660)
at org.testng.internal.TestInvoker.invokeTestMethod(TestInvoker.java:173)
at org.testng.internal.MethodRunner.runInSequence(MethodRunner.java:46)
at org.testng.internal.TestInvoker$MethodInvocationAgent.invoke(TestInvoker.java:824)
at org.testng.internal.TestInvoker.invokeTestMethods(TestInvoker.java:146)
at org.testng.internal.TestMethodWorker.invokeTestMethods(TestMethodWorker.java:146)
at org.testng.internal.TestMethodWorker.run(TestMethodWorker.java:128)
at java.base/java.util.ArrayList.forEach(ArrayList.java:1511)
at org.testng.TestRunner.privateRun(TestRunner.java:794)
at org.testng.TestRunner.run(TestRunner.java:596)
at org.testng.SuiteRunner.runTest(SuiteRunner.java:377)
at org.testng.SuiteRunner.runSequentially(SuiteRunner.java:371)
at org.testng.SuiteRunner.privateRun(SuiteRunner.java:332)
at org.testng.SuiteRunner.run(SuiteRunner.java:276)
at org.testng.SuiteRunnerWorker.runSuite(SuiteRunnerWorker.java:53)
at org.testng.SuiteRunnerWorker.run(SuiteRunnerWorker.java:96)
at org.testng.TestNG.runSuitesSequentially(TestNG.java:1212)
at org.testng.TestNG.runSuitesLocally(TestNG.java:1134)
at org.testng.TestNG.runSuites(TestNG.java:1063)
at org.testng.TestNG.run(TestNG.java:1031)
at org.testng.remote.AbstractRemoteTestNG.run(AbstractRemoteTestNG.java:115)
at org.testng.remote.RemoteTestNG.initAndRun(RemoteTestNG.java:251)
at org.testng.remote.RemoteTestNG.main(RemoteTestNG.java:77)
]]>
            </full-stacktrace>
          </exception> <!-- java.lang.NullPointerException -->
          <reporter-output>
          </reporter-output>
        </test-method> <!-- afterMethod -->
        <test-method is-config="true" signature="afterClass()[pri:0, instance:TestNG_Package.TestNG_Screenshot@21de60b4]" started-at="2023-02-23T17:44:23 IST" name="afterClass" finished-at="1970-01-01T05:30:00 IST" duration-ms="-1677154463115" status="SKIP">
          <reporter-output>
          </reporter-output>
        </test-method> <!-- afterClass -->
      </class> <!-- TestNG_Package.TestNG_Screenshot -->
    </test> <!-- Test -->
  </suite> <!-- Sanity -->
</testng-results>
