<?xml version="1.0" encoding="UTF-8"?>
<!-- Generated by org.testng.reporters.JUnitReportReporter -->
<testsuite hostname="DESKTOP-REKBUQJ" failures="0" tests="2" name="TestNG.TestNG_OpenBrowser" time="16.547" errors="1" timestamp="2023-02-15T13:21:16 IST" skipped="1">
  <testcase classname="TestNG.TestNG_OpenBrowser" name="launchBrowser" time="16.547">
    <error message="session not created: This version of ChromeDriver only supports Chrome version 108
Current browser version is 110.0.5481.100 with binary path C:\Program Files (x86)\Google\Chrome\Application\chrome.exe
Build info: version: &#039;3.141.59&#039;, revision: &#039;e82be7d358&#039;, time: &#039;2018-11-14T08:17:03&#039;
System info: host: &#039;DESKTOP-REKBUQJ&#039;, ip: &#039;192.168.1.100&#039;, os.name: &#039;Windows 10&#039;, os.arch: &#039;amd64&#039;, os.version: &#039;10.0&#039;, java.version: &#039;18.0.2.1&#039;
Driver info: driver.version: ChromeDriver
remote stacktrace: Backtrace:
	(No symbol) [0x0056F243]
	(No symbol) [0x004F7FD1]
	(No symbol) [0x003ED04D]
	(No symbol) [0x0040F6B4]
	(No symbol) [0x0040A97C]
	(No symbol) [0x004082E9]
	(No symbol) [0x0043F056]
	(No symbol) [0x0043EB2A]
	(No symbol) [0x00438386]
	(No symbol) [0x0041163C]
	(No symbol) [0x0041269D]
	GetHandleVerifier [0x00809A22+2655074]
	GetHandleVerifier [0x007FCA24+2601828]
	GetHandleVerifier [0x00618C0A+619850]
	GetHandleVerifier [0x00617830+614768]
	(No symbol) [0x005005FC]
	(No symbol) [0x00505968]
	(No symbol) [0x00505A55]
	(No symbol) [0x0051051B]
	BaseThreadInitThunk [0x761500F9+25]
	RtlGetAppContainerNamedObjectPath [0x77917BBE+286]
	RtlGetAppContainerNamedObjectPath [0x77917B8E+238]
" type="org.openqa.selenium.SessionNotCreatedException">
      <![CDATA[org.openqa.selenium.SessionNotCreatedException: session not created: This version of ChromeDriver only supports Chrome version 108
Current browser version is 110.0.5481.100 with binary path C:\Program Files (x86)\Google\Chrome\Application\chrome.exe
Build info: version: '3.141.59', revision: 'e82be7d358', time: '2018-11-14T08:17:03'
System info: host: 'DESKTOP-REKBUQJ', ip: '192.168.1.100', os.name: 'Windows 10', os.arch: 'amd64', os.version: '10.0', java.version: '18.0.2.1'
Driver info: driver.version: ChromeDriver
remote stacktrace: Backtrace:
(No symbol) [0x0056F243]
(No symbol) [0x004F7FD1]
(No symbol) [0x003ED04D]
(No symbol) [0x0040F6B4]
(No symbol) [0x0040A97C]
(No symbol) [0x004082E9]
(No symbol) [0x0043F056]
(No symbol) [0x0043EB2A]
(No symbol) [0x00438386]
(No symbol) [0x0041163C]
(No symbol) [0x0041269D]
GetHandleVerifier [0x00809A22+2655074]
GetHandleVerifier [0x007FCA24+2601828]
GetHandleVerifier [0x00618C0A+619850]
GetHandleVerifier [0x00617830+614768]
(No symbol) [0x005005FC]
(No symbol) [0x00505968]
(No symbol) [0x00505A55]
(No symbol) [0x0051051B]
BaseThreadInitThunk [0x761500F9+25]
RtlGetAppContainerNamedObjectPath [0x77917BBE+286]
RtlGetAppContainerNamedObjectPath [0x77917B8E+238]

at java.base/jdk.internal.reflect.DirectConstructorHandleAccessor.newInstance(DirectConstructorHandleAccessor.java:67)
at java.base/java.lang.reflect.Constructor.newInstanceWithCaller(Constructor.java:499)
at java.base/java.lang.reflect.Constructor.newInstance(Constructor.java:483)
at org.openqa.selenium.remote.W3CHandshakeResponse.lambda$errorHandler$0(W3CHandshakeResponse.java:62)
at org.openqa.selenium.remote.HandshakeResponse.lambda$getResponseFunction$0(HandshakeResponse.java:30)
at org.openqa.selenium.remote.ProtocolHandshake.lambda$createSession$0(ProtocolHandshake.java:126)
at java.base/java.util.stream.ReferencePipeline$3$1.accept(ReferencePipeline.java:197)
at java.base/java.util.Spliterators$ArraySpliterator.tryAdvance(Spliterators.java:1002)
at java.base/java.util.stream.ReferencePipeline.forEachWithCancel(ReferencePipeline.java:129)
at java.base/java.util.stream.AbstractPipeline.copyIntoWithCancel(AbstractPipeline.java:527)
at java.base/java.util.stream.AbstractPipeline.copyInto(AbstractPipeline.java:513)
at java.base/java.util.stream.AbstractPipeline.wrapAndCopyInto(AbstractPipeline.java:499)
at java.base/java.util.stream.FindOps$FindOp.evaluateSequential(FindOps.java:150)
at java.base/java.util.stream.AbstractPipeline.evaluate(AbstractPipeline.java:234)
at java.base/java.util.stream.ReferencePipeline.findFirst(ReferencePipeline.java:647)
at org.openqa.selenium.remote.ProtocolHandshake.createSession(ProtocolHandshake.java:128)
at org.openqa.selenium.remote.ProtocolHandshake.createSession(ProtocolHandshake.java:74)
at org.openqa.selenium.remote.HttpCommandExecutor.execute(HttpCommandExecutor.java:136)
at org.openqa.selenium.remote.service.DriverCommandExecutor.execute(DriverCommandExecutor.java:83)
at org.openqa.selenium.remote.RemoteWebDriver.execute(RemoteWebDriver.java:552)
at org.openqa.selenium.remote.RemoteWebDriver.startSession(RemoteWebDriver.java:213)
at org.openqa.selenium.remote.RemoteWebDriver.<init>(RemoteWebDriver.java:131)
at org.openqa.selenium.chrome.ChromeDriver.<init>(ChromeDriver.java:181)
at org.openqa.selenium.chrome.ChromeDriver.<init>(ChromeDriver.java:168)
at org.openqa.selenium.chrome.ChromeDriver.<init>(ChromeDriver.java:123)
at Browser.BrowserSetup.openChromeBrowser(BrowserSetup.java:13)
at TestNG.TestNG_OpenBrowser.launchBrowser(TestNG_OpenBrowser.java:26)
at java.base/jdk.internal.reflect.DirectMethodHandleAccessor.invoke(DirectMethodHandleAccessor.java:104)
at java.base/java.lang.reflect.Method.invoke(Method.java:577)
at org.testng.internal.invokers.MethodInvocationHelper.invokeMethod(MethodInvocationHelper.java:135)
at org.testng.internal.invokers.MethodInvocationHelper.invokeMethodConsideringTimeout(MethodInvocationHelper.java:65)
at org.testng.internal.invokers.ConfigInvoker.invokeConfigurationMethod(ConfigInvoker.java:381)
at org.testng.internal.invokers.ConfigInvoker.invokeConfigurations(ConfigInvoker.java:319)
at org.testng.TestRunner.invokeTestConfigurations(TestRunner.java:645)
at org.testng.TestRunner.beforeRun(TestRunner.java:634)
at org.testng.TestRunner.run(TestRunner.java:596)
at org.testng.SuiteRunner.runTest(SuiteRunner.java:429)
at org.testng.SuiteRunner.runSequentially(SuiteRunner.java:423)
at org.testng.SuiteRunner.privateRun(SuiteRunner.java:383)
at org.testng.SuiteRunner.run(SuiteRunner.java:326)
at org.testng.SuiteRunnerWorker.runSuite(SuiteRunnerWorker.java:52)
at org.testng.SuiteRunnerWorker.run(SuiteRunnerWorker.java:95)
at org.testng.TestNG.runSuitesSequentially(TestNG.java:1249)
at org.testng.TestNG.runSuitesLocally(TestNG.java:1169)
at org.testng.TestNG.runSuites(TestNG.java:1092)
at org.testng.TestNG.run(TestNG.java:1060)
at org.testng.remote.AbstractRemoteTestNG.run(AbstractRemoteTestNG.java:115)
at org.testng.remote.RemoteTestNG.initAndRun(RemoteTestNG.java:251)
at org.testng.remote.RemoteTestNG.main(RemoteTestNG.java:77)
]]>
    </error>
  </testcase> <!-- launchBrowser -->
  <system-out/>
  <testcase classname="TestNG.TestNG_OpenBrowser" name="testA" time="0.000">
    <skipped/>
  </testcase> <!-- testA -->
  <system-out/>
</testsuite> <!-- TestNG.TestNG_OpenBrowser -->
